#-----------------------------------------------------------
# Vivado v2017.3 (64-bit)
# SW Build 2018833 on Wed Oct  4 19:58:22 MDT 2017
# IP Build 2016188 on Wed Oct  4 21:52:56 MDT 2017
# Start of session at: Tue Apr 14 15:03:31 2020
# Process ID: 5592
# Current directory: C:/Users/Filip/Desktop/FKSIEZYC/FKsiezyc_VGAPROJECT/FilipKsiezyc_projekt_vga
# Command line: vivado.exe -gui_launcher_event rodinguilauncherevent1496 C:\Users\Filip\Desktop\FKSIEZYC\FKsiezyc_VGAPROJECT\FilipKsiezyc_projekt_vga\FilipKsiezyc_projekt_vga.xpr
# Log file: C:/Users/Filip/Desktop/FKSIEZYC/FKsiezyc_VGAPROJECT/FilipKsiezyc_projekt_vga/vivado.log
# Journal file: C:/Users/Filip/Desktop/FKSIEZYC/FKsiezyc_VGAPROJECT/FilipKsiezyc_projekt_vga\vivado.jou
#-----------------------------------------------------------
start_gui
open_project C:/Users/Filip/Desktop/FKSIEZYC/FKsiezyc_VGAPROJECT/FilipKsiezyc_projekt_vga/FilipKsiezyc_projekt_vga.xpr
Scanning sources...
Finished scanning sources
WARNING: [Project 1-509] GeneratedRun file for 'synth_1' not found
WARNING: [Project 1-509] GeneratedRun file for 'impl_1' not found
INFO: [IP_Flow 19-234] Refreshing IP repositories
INFO: [IP_Flow 19-1704] No user IP repositories specified
INFO: [IP_Flow 19-2313] Loaded Vivado IP repository 'C:/Xilinx/Vivado/2017.3/data/ip'.
open_project: Time (s): cpu = 00:00:12 ; elapsed = 00:00:18 . Memory (MB): peak = 737.250 ; gain = 72.117
update_compile_order -fileset sources_1
add_files -norecurse {C:/Users/Filip/Desktop/FKSIEZYC/FKsiezyc_VGAPROJECT/FilipKsiezyc_projekt_vga/FilipKsiezyc_projekt_vga.srcs/sources_1/imports/IMPORT/FONT/delay.v C:/Users/Filip/Desktop/FKSIEZYC/FKsiezyc_VGAPROJECT/FilipKsiezyc_projekt_vga/FilipKsiezyc_projekt_vga.srcs/sources_1/imports/IMPORT/FONT/font_rom.v}
update_compile_order -fileset sources_1
close [ open C:/Users/Filip/Desktop/FKSIEZYC/FKsiezyc_VGAPROJECT/FilipKsiezyc_projekt_vga/FilipKsiezyc_projekt_vga.srcs/sources_1/new/draw_rect_char.v w ]
add_files C:/Users/Filip/Desktop/FKSIEZYC/FKsiezyc_VGAPROJECT/FilipKsiezyc_projekt_vga/FilipKsiezyc_projekt_vga.srcs/sources_1/new/draw_rect_char.v
update_compile_order -fileset sources_1
export_ip_user_files -of_objects  [get_files C:/Users/Filip/Desktop/FKSIEZYC/FKsiezyc_VGAPROJECT/FilipKsiezyc_projekt_vga/FilipKsiezyc_projekt_vga.srcs/sources_1/imports/IMPORT/FONT/delay.v] -no_script -reset -force -quiet
remove_files  C:/Users/Filip/Desktop/FKSIEZYC/FKsiezyc_VGAPROJECT/FilipKsiezyc_projekt_vga/FilipKsiezyc_projekt_vga.srcs/sources_1/imports/IMPORT/FONT/delay.v
launch_runs synth_1 -jobs 2
[Tue Apr 14 18:54:40 2020] Launched synth_1...
Run output will be captured here: C:/Users/Filip/Desktop/FKSIEZYC/FKsiezyc_VGAPROJECT/FilipKsiezyc_projekt_vga/FilipKsiezyc_projekt_vga.runs/synth_1/runme.log
launch_runs: Time (s): cpu = 00:00:00 ; elapsed = 00:00:05 . Memory (MB): peak = 793.191 ; gain = 0.000
launch_runs impl_1 -jobs 2
[Tue Apr 14 18:56:42 2020] Launched impl_1...
Run output will be captured here: C:/Users/Filip/Desktop/FKSIEZYC/FKsiezyc_VGAPROJECT/FilipKsiezyc_projekt_vga/FilipKsiezyc_projekt_vga.runs/impl_1/runme.log
launch_runs impl_1 -to_step write_bitstream -jobs 2
[Tue Apr 14 18:58:32 2020] Launched impl_1...
Run output will be captured here: C:/Users/Filip/Desktop/FKSIEZYC/FKsiezyc_VGAPROJECT/FilipKsiezyc_projekt_vga/FilipKsiezyc_projekt_vga.runs/impl_1/runme.log
open_hw
connect_hw_server
INFO: [Labtools 27-2285] Connecting to hw_server url TCP:localhost:3121
INFO: [Labtools 27-2222] Launching hw_server...
INFO: [Labtools 27-2221] Launch Output:

****** Xilinx hw_server v2017.3
  **** Build date : Oct  4 2017-20:12:17
    ** Copyright 1986-2017 Xilinx, Inc. All Rights Reserved.


open_hw_target
INFO: [Labtoolstcl 44-466] Opening hw_target localhost:3121/xilinx_tcf/Digilent/210183711513A
set_property PROGRAM.FILE {C:/Users/Filip/Desktop/FKSIEZYC/FKsiezyc_VGAPROJECT/FilipKsiezyc_projekt_vga/FilipKsiezyc_projekt_vga.runs/impl_1/vga_example.bit} [get_hw_devices xc7a35t_0]
current_hw_device [get_hw_devices xc7a35t_0]
refresh_hw_device -update_hw_probes false [lindex [get_hw_devices xc7a35t_0] 0]
INFO: [Labtools 27-1435] Device xc7a35t (JTAG device index = 0) is not programmed (DONE status = 0).
set_property PROBES.FILE {} [get_hw_devices xc7a35t_0]
set_property FULL_PROBES.FILE {} [get_hw_devices xc7a35t_0]
set_property PROGRAM.FILE {C:/Users/Filip/Desktop/FKSIEZYC/FKsiezyc_VGAPROJECT/FilipKsiezyc_projekt_vga/FilipKsiezyc_projekt_vga.runs/impl_1/vga_example.bit} [get_hw_devices xc7a35t_0]
program_hw_devices [get_hw_devices xc7a35t_0]
INFO: [Labtools 27-3164] End of startup status: HIGH
refresh_hw_device [lindex [get_hw_devices xc7a35t_0] 0]
INFO: [Labtools 27-1434] Device xc7a35t (JTAG device index = 0) is programmed with a design that has no supported debug core(s) in it.
WARNING: [Labtools 27-3361] The debug hub core was not detected.
Resolution: 
1. Make sure the clock connected to the debug hub (dbg_hub) core is a free running clock and is active.
2. Make sure the BSCAN_SWITCH_USER_MASK device property in Vivado Hardware Manager reflects the user scan chain setting in the design and refresh the device.  To determine the user scan chain setting in the design, open the implemented design and use 'get_property C_USER_SCAN_CHAIN [get_debug_cores dbg_hub]'.
For more details on setting the scan chain property, consult the Vivado Debug and Programming User Guide (UG908).
reset_run synth_1
launch_runs synth_1 -jobs 2
[Tue Apr 14 19:15:37 2020] Launched synth_1...
Run output will be captured here: C:/Users/Filip/Desktop/FKSIEZYC/FKsiezyc_VGAPROJECT/FilipKsiezyc_projekt_vga/FilipKsiezyc_projekt_vga.runs/synth_1/runme.log
launch_runs impl_1 -jobs 2
[Tue Apr 14 19:17:17 2020] Launched impl_1...
Run output will be captured here: C:/Users/Filip/Desktop/FKSIEZYC/FKsiezyc_VGAPROJECT/FilipKsiezyc_projekt_vga/FilipKsiezyc_projekt_vga.runs/impl_1/runme.log
launch_runs impl_1 -to_step write_bitstream -jobs 2
[Tue Apr 14 19:19:23 2020] Launched impl_1...
Run output will be captured here: C:/Users/Filip/Desktop/FKSIEZYC/FKsiezyc_VGAPROJECT/FilipKsiezyc_projekt_vga/FilipKsiezyc_projekt_vga.runs/impl_1/runme.log
synth_design -rtl -name rtl_1
Command: synth_design -rtl -name rtl_1
Starting synth_design
Using part: xc7a35tcpg236-1
Top: vga_example
---------------------------------------------------------------------------------
Starting RTL Elaboration : Time (s): cpu = 00:00:10 ; elapsed = 00:00:10 . Memory (MB): peak = 1453.004 ; gain = 74.418
---------------------------------------------------------------------------------
INFO: [Synth 8-638] synthesizing module 'vga_example' [C:/Users/Filip/Desktop/FKSIEZYC/FKsiezyc_VGAPROJECT/FilipKsiezyc_projekt_vga/FilipKsiezyc_projekt_vga.srcs/sources_1/imports/IMPORT/vga_example.v:13]
INFO: [Synth 8-638] synthesizing module 'clk_divider' [c:/Users/Filip/Desktop/FKSIEZYC/FKsiezyc_VGAPROJECT/FilipKsiezyc_projekt_vga/FilipKsiezyc_projekt_vga.srcs/sources_1/ip/clk_divider/clk_divider.v:71]
INFO: [Synth 8-638] synthesizing module 'clk_divider_clk_wiz' [c:/Users/Filip/Desktop/FKSIEZYC/FKsiezyc_VGAPROJECT/FilipKsiezyc_projekt_vga/FilipKsiezyc_projekt_vga.srcs/sources_1/ip/clk_divider/clk_divider_clk_wiz.v:69]
INFO: [Synth 8-5534] Detected attribute (* KEEP = "TRUE" *) [c:/Users/Filip/Desktop/FKSIEZYC/FKsiezyc_VGAPROJECT/FilipKsiezyc_projekt_vga/FilipKsiezyc_projekt_vga.srcs/sources_1/ip/clk_divider/clk_divider_clk_wiz.v:127]
INFO: [Synth 8-5534] Detected attribute (* ASYNC_REG = "TRUE" *) [c:/Users/Filip/Desktop/FKSIEZYC/FKsiezyc_VGAPROJECT/FilipKsiezyc_projekt_vga/FilipKsiezyc_projekt_vga.srcs/sources_1/ip/clk_divider/clk_divider_clk_wiz.v:127]
INFO: [Synth 8-5534] Detected attribute (* KEEP = "TRUE" *) [c:/Users/Filip/Desktop/FKSIEZYC/FKsiezyc_VGAPROJECT/FilipKsiezyc_projekt_vga/FilipKsiezyc_projekt_vga.srcs/sources_1/ip/clk_divider/clk_divider_clk_wiz.v:130]
INFO: [Synth 8-5534] Detected attribute (* ASYNC_REG = "TRUE" *) [c:/Users/Filip/Desktop/FKSIEZYC/FKsiezyc_VGAPROJECT/FilipKsiezyc_projekt_vga/FilipKsiezyc_projekt_vga.srcs/sources_1/ip/clk_divider/clk_divider_clk_wiz.v:130]
INFO: [Synth 8-638] synthesizing module 'IBUF' [C:/Xilinx/Vivado/2017.3/scripts/rt/data/unisim_comp.v:19468]
	Parameter CAPACITANCE bound to: DONT_CARE - type: string 
	Parameter IBUF_DELAY_VALUE bound to: 0 - type: string 
	Parameter IBUF_LOW_PWR bound to: TRUE - type: string 
	Parameter IFD_DELAY_VALUE bound to: AUTO - type: string 
	Parameter IOSTANDARD bound to: DEFAULT - type: string 
INFO: [Synth 8-256] done synthesizing module 'IBUF' (1#1) [C:/Xilinx/Vivado/2017.3/scripts/rt/data/unisim_comp.v:19468]
INFO: [Synth 8-638] synthesizing module 'MMCME2_ADV' [C:/Xilinx/Vivado/2017.3/scripts/rt/data/unisim_comp.v:25757]
	Parameter BANDWIDTH bound to: OPTIMIZED - type: string 
	Parameter CLKFBOUT_MULT_F bound to: 10.000000 - type: float 
	Parameter CLKFBOUT_PHASE bound to: 0.000000 - type: float 
	Parameter CLKFBOUT_USE_FINE_PS bound to: FALSE - type: string 
	Parameter CLKIN1_PERIOD bound to: 10.000000 - type: float 
	Parameter CLKIN2_PERIOD bound to: 0.000000 - type: float 
	Parameter CLKOUT0_DIVIDE_F bound to: 10.000000 - type: float 
	Parameter CLKOUT0_DUTY_CYCLE bound to: 0.500000 - type: float 
	Parameter CLKOUT0_PHASE bound to: 0.000000 - type: float 
	Parameter CLKOUT0_USE_FINE_PS bound to: FALSE - type: string 
	Parameter CLKOUT1_DIVIDE bound to: 25 - type: integer 
	Parameter CLKOUT1_DUTY_CYCLE bound to: 0.500000 - type: float 
	Parameter CLKOUT1_PHASE bound to: 0.000000 - type: float 
	Parameter CLKOUT1_USE_FINE_PS bound to: FALSE - type: string 
	Parameter CLKOUT2_DIVIDE bound to: 1 - type: integer 
	Parameter CLKOUT2_DUTY_CYCLE bound to: 0.500000 - type: float 
	Parameter CLKOUT2_PHASE bound to: 0.000000 - type: float 
	Parameter CLKOUT2_USE_FINE_PS bound to: FALSE - type: string 
	Parameter CLKOUT3_DIVIDE bound to: 1 - type: integer 
	Parameter CLKOUT3_DUTY_CYCLE bound to: 0.500000 - type: float 
	Parameter CLKOUT3_PHASE bound to: 0.000000 - type: float 
	Parameter CLKOUT3_USE_FINE_PS bound to: FALSE - type: string 
	Parameter CLKOUT4_CASCADE bound to: FALSE - type: string 
	Parameter CLKOUT4_DIVIDE bound to: 1 - type: integer 
	Parameter CLKOUT4_DUTY_CYCLE bound to: 0.500000 - type: float 
	Parameter CLKOUT4_PHASE bound to: 0.000000 - type: float 
	Parameter CLKOUT4_USE_FINE_PS bound to: FALSE - type: string 
	Parameter CLKOUT5_DIVIDE bound to: 1 - type: integer 
	Parameter CLKOUT5_DUTY_CYCLE bound to: 0.500000 - type: float 
	Parameter CLKOUT5_PHASE bound to: 0.000000 - type: float 
	Parameter CLKOUT5_USE_FINE_PS bound to: FALSE - type: string 
	Parameter CLKOUT6_DIVIDE bound to: 1 - type: integer 
	Parameter CLKOUT6_DUTY_CYCLE bound to: 0.500000 - type: float 
	Parameter CLKOUT6_PHASE bound to: 0.000000 - type: float 
	Parameter CLKOUT6_USE_FINE_PS bound to: FALSE - type: string 
	Parameter COMPENSATION bound to: ZHOLD - type: string 
	Parameter DIVCLK_DIVIDE bound to: 1 - type: integer 
	Parameter IS_CLKINSEL_INVERTED bound to: 1'b0 
	Parameter IS_PSEN_INVERTED bound to: 1'b0 
	Parameter IS_PSINCDEC_INVERTED bound to: 1'b0 
	Parameter IS_PWRDWN_INVERTED bound to: 1'b0 
	Parameter IS_RST_INVERTED bound to: 1'b0 
	Parameter REF_JITTER1 bound to: 0.010000 - type: float 
	Parameter REF_JITTER2 bound to: 0.010000 - type: float 
	Parameter SS_EN bound to: FALSE - type: string 
	Parameter SS_MODE bound to: CENTER_HIGH - type: string 
	Parameter SS_MOD_PERIOD bound to: 10000 - type: integer 
	Parameter STARTUP_WAIT bound to: FALSE - type: string 
INFO: [Synth 8-256] done synthesizing module 'MMCME2_ADV' (2#1) [C:/Xilinx/Vivado/2017.3/scripts/rt/data/unisim_comp.v:25757]
INFO: [Synth 8-638] synthesizing module 'BUFG' [C:/Xilinx/Vivado/2017.3/scripts/rt/data/unisim_comp.v:607]
INFO: [Synth 8-256] done synthesizing module 'BUFG' (3#1) [C:/Xilinx/Vivado/2017.3/scripts/rt/data/unisim_comp.v:607]
INFO: [Synth 8-638] synthesizing module 'BUFGCE' [C:/Xilinx/Vivado/2017.3/scripts/rt/data/unisim_comp.v:617]
	Parameter CE_TYPE bound to: SYNC - type: string 
	Parameter IS_CE_INVERTED bound to: 1'b0 
	Parameter IS_I_INVERTED bound to: 1'b0 
INFO: [Synth 8-256] done synthesizing module 'BUFGCE' (4#1) [C:/Xilinx/Vivado/2017.3/scripts/rt/data/unisim_comp.v:617]
INFO: [Synth 8-638] synthesizing module 'BUFH' [C:/Xilinx/Vivado/2017.3/scripts/rt/data/unisim_comp.v:806]
INFO: [Synth 8-256] done synthesizing module 'BUFH' (5#1) [C:/Xilinx/Vivado/2017.3/scripts/rt/data/unisim_comp.v:806]
INFO: [Synth 8-256] done synthesizing module 'clk_divider_clk_wiz' (6#1) [c:/Users/Filip/Desktop/FKSIEZYC/FKsiezyc_VGAPROJECT/FilipKsiezyc_projekt_vga/FilipKsiezyc_projekt_vga.srcs/sources_1/ip/clk_divider/clk_divider_clk_wiz.v:69]
INFO: [Synth 8-256] done synthesizing module 'clk_divider' (7#1) [c:/Users/Filip/Desktop/FKSIEZYC/FKsiezyc_VGAPROJECT/FilipKsiezyc_projekt_vga/FilipKsiezyc_projekt_vga.srcs/sources_1/ip/clk_divider/clk_divider.v:71]
INFO: [Synth 8-638] synthesizing module 'ODDR' [C:/Xilinx/Vivado/2017.3/scripts/rt/data/unisim_comp.v:30648]
	Parameter DDR_CLK_EDGE bound to: OPPOSITE_EDGE - type: string 
	Parameter INIT bound to: 1'b0 
	Parameter IS_C_INVERTED bound to: 1'b0 
	Parameter IS_D1_INVERTED bound to: 1'b0 
	Parameter IS_D2_INVERTED bound to: 1'b0 
	Parameter SRTYPE bound to: SYNC - type: string 
INFO: [Synth 8-256] done synthesizing module 'ODDR' (8#1) [C:/Xilinx/Vivado/2017.3/scripts/rt/data/unisim_comp.v:30648]
INFO: [Synth 8-638] synthesizing module 'vga_timing' [C:/Users/Filip/Desktop/FKSIEZYC/FKsiezyc_VGAPROJECT/FilipKsiezyc_projekt_vga/FilipKsiezyc_projekt_vga.srcs/sources_1/imports/IMPORT/vga_timing.v:13]
INFO: [Synth 8-256] done synthesizing module 'vga_timing' (9#1) [C:/Users/Filip/Desktop/FKSIEZYC/FKsiezyc_VGAPROJECT/FilipKsiezyc_projekt_vga/FilipKsiezyc_projekt_vga.srcs/sources_1/imports/IMPORT/vga_timing.v:13]
INFO: [Synth 8-638] synthesizing module 'draw_background' [C:/Users/Filip/Desktop/FKSIEZYC/FKsiezyc_VGAPROJECT/FilipKsiezyc_projekt_vga/FilipKsiezyc_projekt_vga.srcs/sources_1/new/draw_background.v:23]
INFO: [Synth 8-256] done synthesizing module 'draw_background' (10#1) [C:/Users/Filip/Desktop/FKSIEZYC/FKsiezyc_VGAPROJECT/FilipKsiezyc_projekt_vga/FilipKsiezyc_projekt_vga.srcs/sources_1/new/draw_background.v:23]
INFO: [Synth 8-638] synthesizing module 'MouseCtl' [C:/Users/Filip/Desktop/FKSIEZYC/FKsiezyc_VGAPROJECT/FilipKsiezyc_projekt_vga/FilipKsiezyc_projekt_vga.srcs/sources_1/new/MouseCtl.vhd:207]
	Parameter SYSCLK_FREQUENCY_HZ bound to: 100000000 - type: integer 
	Parameter CHECK_PERIOD_MS bound to: 500 - type: integer 
	Parameter TIMEOUT_PERIOD_MS bound to: 100 - type: integer 
INFO: [Synth 8-3491] module 'Ps2Interface' declared at 'C:/Users/Filip/Desktop/FKSIEZYC/FKsiezyc_VGAPROJECT/FilipKsiezyc_projekt_vga/FilipKsiezyc_projekt_vga.srcs/sources_1/new/Ps2Interface.vhd:152' bound to instance 'Inst_Ps2Interface' of component 'Ps2Interface' [C:/Users/Filip/Desktop/FKSIEZYC/FKsiezyc_VGAPROJECT/FilipKsiezyc_projekt_vga/FilipKsiezyc_projekt_vga.srcs/sources_1/new/MouseCtl.vhd:369]
INFO: [Synth 8-638] synthesizing module 'Ps2Interface' [C:/Users/Filip/Desktop/FKSIEZYC/FKsiezyc_VGAPROJECT/FilipKsiezyc_projekt_vga/FilipKsiezyc_projekt_vga.srcs/sources_1/new/Ps2Interface.vhd:180]
INFO: [Synth 8-256] done synthesizing module 'Ps2Interface' (11#1) [C:/Users/Filip/Desktop/FKSIEZYC/FKsiezyc_VGAPROJECT/FilipKsiezyc_projekt_vga/FilipKsiezyc_projekt_vga.srcs/sources_1/new/Ps2Interface.vhd:180]
WARNING: [Synth 8-6014] Unused sequential element inc_reg was removed.  [C:/Users/Filip/Desktop/FKSIEZYC/FKsiezyc_VGAPROJECT/FilipKsiezyc_projekt_vga/FilipKsiezyc_projekt_vga.srcs/sources_1/new/MouseCtl.vhd:450]
WARNING: [Synth 8-6014] Unused sequential element x_inter_reg was removed.  [C:/Users/Filip/Desktop/FKSIEZYC/FKsiezyc_VGAPROJECT/FilipKsiezyc_projekt_vga/FilipKsiezyc_projekt_vga.srcs/sources_1/new/MouseCtl.vhd:456]
WARNING: [Synth 8-6014] Unused sequential element inc_reg was removed.  [C:/Users/Filip/Desktop/FKSIEZYC/FKsiezyc_VGAPROJECT/FilipKsiezyc_projekt_vga/FilipKsiezyc_projekt_vga.srcs/sources_1/new/MouseCtl.vhd:514]
WARNING: [Synth 8-6014] Unused sequential element y_inter_reg was removed.  [C:/Users/Filip/Desktop/FKSIEZYC/FKsiezyc_VGAPROJECT/FilipKsiezyc_projekt_vga/FilipKsiezyc_projekt_vga.srcs/sources_1/new/MouseCtl.vhd:520]
INFO: [Synth 8-256] done synthesizing module 'MouseCtl' (12#1) [C:/Users/Filip/Desktop/FKSIEZYC/FKsiezyc_VGAPROJECT/FilipKsiezyc_projekt_vga/FilipKsiezyc_projekt_vga.srcs/sources_1/new/MouseCtl.vhd:207]
INFO: [Synth 8-638] synthesizing module 'font_rom' [C:/Users/Filip/Desktop/FKSIEZYC/FKsiezyc_VGAPROJECT/FilipKsiezyc_projekt_vga/FilipKsiezyc_projekt_vga.srcs/sources_1/imports/IMPORT/FONT/font_rom.v:9]
INFO: [Synth 8-256] done synthesizing module 'font_rom' (13#1) [C:/Users/Filip/Desktop/FKSIEZYC/FKsiezyc_VGAPROJECT/FilipKsiezyc_projekt_vga/FilipKsiezyc_projekt_vga.srcs/sources_1/imports/IMPORT/FONT/font_rom.v:9]
INFO: [Synth 8-638] synthesizing module 'draw_rect_char' [C:/Users/Filip/Desktop/FKSIEZYC/FKsiezyc_VGAPROJECT/FilipKsiezyc_projekt_vga/FilipKsiezyc_projekt_vga.srcs/sources_1/new/draw_rect_char.v:23]
	Parameter COLOR bound to: 12'b000000000000 
INFO: [Synth 8-256] done synthesizing module 'draw_rect_char' (14#1) [C:/Users/Filip/Desktop/FKSIEZYC/FKsiezyc_VGAPROJECT/FilipKsiezyc_projekt_vga/FilipKsiezyc_projekt_vga.srcs/sources_1/new/draw_rect_char.v:23]
INFO: [Synth 8-638] synthesizing module 'buffer' [C:/Users/Filip/Desktop/FKSIEZYC/FKsiezyc_VGAPROJECT/FilipKsiezyc_projekt_vga/FilipKsiezyc_projekt_vga.srcs/sources_1/new/buffer.v:23]
INFO: [Synth 8-256] done synthesizing module 'buffer' (15#1) [C:/Users/Filip/Desktop/FKSIEZYC/FKsiezyc_VGAPROJECT/FilipKsiezyc_projekt_vga/FilipKsiezyc_projekt_vga.srcs/sources_1/new/buffer.v:23]
INFO: [Synth 8-638] synthesizing module 'image_rom' [C:/Users/Filip/Desktop/FKSIEZYC/FKsiezyc_VGAPROJECT/FilipKsiezyc_projekt_vga/FilipKsiezyc_projekt_vga.srcs/sources_1/imports/IMPORT/image_rom.v:7]
INFO: [Synth 8-3876] $readmem data file 'C:/Users/Filip/Desktop/FKSIEZYC/FKsiezyc_VGAPROJECT/FilipKsiezyc_projekt_vga/image_rom.data' is read successfully [C:/Users/Filip/Desktop/FKSIEZYC/FKsiezyc_VGAPROJECT/FilipKsiezyc_projekt_vga/FilipKsiezyc_projekt_vga.srcs/sources_1/imports/IMPORT/image_rom.v:16]
INFO: [Synth 8-256] done synthesizing module 'image_rom' (16#1) [C:/Users/Filip/Desktop/FKSIEZYC/FKsiezyc_VGAPROJECT/FilipKsiezyc_projekt_vga/FilipKsiezyc_projekt_vga.srcs/sources_1/imports/IMPORT/image_rom.v:7]
INFO: [Synth 8-638] synthesizing module 'draw_rect_ctl' [C:/Users/Filip/Desktop/FKSIEZYC/FKsiezyc_VGAPROJECT/FilipKsiezyc_projekt_vga/FilipKsiezyc_projekt_vga.srcs/sources_1/new/draw_rect_ctl.v:23]
	Parameter COUNTER_RESET bound to: 4000000 - type: integer 
	Parameter DOWN_OF_SCREEN bound to: 529 - type: integer 
	Parameter IDLE bound to: 1'b0 
	Parameter WORK bound to: 1'b1 
INFO: [Synth 8-256] done synthesizing module 'draw_rect_ctl' (17#1) [C:/Users/Filip/Desktop/FKSIEZYC/FKsiezyc_VGAPROJECT/FilipKsiezyc_projekt_vga/FilipKsiezyc_projekt_vga.srcs/sources_1/new/draw_rect_ctl.v:23]
INFO: [Synth 8-638] synthesizing module 'draw_rect' [C:/Users/Filip/Desktop/FKSIEZYC/FKsiezyc_VGAPROJECT/FilipKsiezyc_projekt_vga/FilipKsiezyc_projekt_vga.srcs/sources_1/new/draw_rect.v:21]
	Parameter X_WIDITH bound to: 48 - type: integer 
	Parameter Y_WIDITH bound to: 64 - type: integer 
INFO: [Synth 8-256] done synthesizing module 'draw_rect' (18#1) [C:/Users/Filip/Desktop/FKSIEZYC/FKsiezyc_VGAPROJECT/FilipKsiezyc_projekt_vga/FilipKsiezyc_projekt_vga.srcs/sources_1/new/draw_rect.v:21]
INFO: [Synth 8-638] synthesizing module 'MouseDisplay' [C:/Users/Filip/Desktop/FKSIEZYC/FKsiezyc_VGAPROJECT/FilipKsiezyc_projekt_vga/FilipKsiezyc_projekt_vga.srcs/sources_1/imports/IMPORT/MouseDisplay.vhd:129]
WARNING: [Synth 8-614] signal 'ypos' is read in the process but is not in the sensitivity list [C:/Users/Filip/Desktop/FKSIEZYC/FKsiezyc_VGAPROJECT/FilipKsiezyc_projekt_vga/FilipKsiezyc_projekt_vga.srcs/sources_1/imports/IMPORT/MouseDisplay.vhd:197]
INFO: [Synth 8-256] done synthesizing module 'MouseDisplay' (19#1) [C:/Users/Filip/Desktop/FKSIEZYC/FKsiezyc_VGAPROJECT/FilipKsiezyc_projekt_vga/FilipKsiezyc_projekt_vga.srcs/sources_1/imports/IMPORT/MouseDisplay.vhd:129]
INFO: [Synth 8-256] done synthesizing module 'vga_example' (20#1) [C:/Users/Filip/Desktop/FKSIEZYC/FKsiezyc_VGAPROJECT/FilipKsiezyc_projekt_vga/FilipKsiezyc_projekt_vga.srcs/sources_1/imports/IMPORT/vga_example.v:13]
WARNING: [Synth 8-3331] design draw_rect has unconnected port rst
WARNING: [Synth 8-3331] design draw_rect_char has unconnected port rst
---------------------------------------------------------------------------------
Finished RTL Elaboration : Time (s): cpu = 00:00:12 ; elapsed = 00:00:12 . Memory (MB): peak = 1507.344 ; gain = 128.758
---------------------------------------------------------------------------------

Report Check Netlist: 
+------+------------------+-------+---------+-------+------------------+
|      |Item              |Errors |Warnings |Status |Description       |
+------+------------------+-------+---------+-------+------------------+
|1     |multi_driven_nets |      0|        0|Passed |Multi driven nets |
+------+------------------+-------+---------+-------+------------------+
---------------------------------------------------------------------------------
Finished RTL Optimization Phase 1 : Time (s): cpu = 00:00:13 ; elapsed = 00:00:13 . Memory (MB): peak = 1507.344 ; gain = 128.758
---------------------------------------------------------------------------------
INFO: [Netlist 29-17] Analyzing 5 Unisim elements for replacement
INFO: [Netlist 29-28] Unisim Transformation completed in 0 CPU seconds
INFO: [Device 21-403] Loading part xc7a35tcpg236-1
INFO: [Project 1-570] Preparing netlist for logic optimization

Processing XDC Constraints
Initializing timing engine
Parsing XDC File [c:/Users/Filip/Desktop/FKSIEZYC/FKsiezyc_VGAPROJECT/FilipKsiezyc_projekt_vga/FilipKsiezyc_projekt_vga.srcs/sources_1/ip/clk_divider/clk_divider_board.xdc] for cell 'my_clk_divider/inst'
Finished Parsing XDC File [c:/Users/Filip/Desktop/FKSIEZYC/FKsiezyc_VGAPROJECT/FilipKsiezyc_projekt_vga/FilipKsiezyc_projekt_vga.srcs/sources_1/ip/clk_divider/clk_divider_board.xdc] for cell 'my_clk_divider/inst'
Parsing XDC File [c:/Users/Filip/Desktop/FKSIEZYC/FKsiezyc_VGAPROJECT/FilipKsiezyc_projekt_vga/FilipKsiezyc_projekt_vga.srcs/sources_1/ip/clk_divider/clk_divider.xdc] for cell 'my_clk_divider/inst'
Finished Parsing XDC File [c:/Users/Filip/Desktop/FKSIEZYC/FKsiezyc_VGAPROJECT/FilipKsiezyc_projekt_vga/FilipKsiezyc_projekt_vga.srcs/sources_1/ip/clk_divider/clk_divider.xdc] for cell 'my_clk_divider/inst'
INFO: [Project 1-236] Implementation specific constraints were found while reading constraint file [c:/Users/Filip/Desktop/FKSIEZYC/FKsiezyc_VGAPROJECT/FilipKsiezyc_projekt_vga/FilipKsiezyc_projekt_vga.srcs/sources_1/ip/clk_divider/clk_divider.xdc]. These constraints will be ignored for synthesis but will be used in implementation. Impacted constraints are listed in the file [.Xil/vga_example_propImpl.xdc].
Resolution: To avoid this warning, move constraints listed in [.Xil/vga_example_propImpl.xdc] to another XDC file and exclude this new file from synthesis with the used_in_synthesis property (File Properties dialog in GUI) and re-run elaboration/synthesis.
INFO: [Timing 38-2] Deriving generated clocks
Parsing XDC File [C:/Users/Filip/Desktop/FKSIEZYC/FKsiezyc_VGAPROJECT/FilipKsiezyc_projekt_vga/FilipKsiezyc_projekt_vga.srcs/constrs_1/imports/IMPORT/vga_example.xdc]
Finished Parsing XDC File [C:/Users/Filip/Desktop/FKSIEZYC/FKsiezyc_VGAPROJECT/FilipKsiezyc_projekt_vga/FilipKsiezyc_projekt_vga.srcs/constrs_1/imports/IMPORT/vga_example.xdc]
Parsing XDC File [c:/Users/Filip/Desktop/FKSIEZYC/FKsiezyc_VGAPROJECT/FilipKsiezyc_projekt_vga/FilipKsiezyc_projekt_vga.srcs/sources_1/ip/clk_divider/clk_divider_late.xdc] for cell 'my_clk_divider/inst'
Finished Parsing XDC File [c:/Users/Filip/Desktop/FKSIEZYC/FKsiezyc_VGAPROJECT/FilipKsiezyc_projekt_vga/FilipKsiezyc_projekt_vga.srcs/sources_1/ip/clk_divider/clk_divider_late.xdc] for cell 'my_clk_divider/inst'
Completed Processing XDC Constraints

INFO: [Opt 31-141] Inserted 1 OBUFs to IO ports without IO buffers.
INFO: [Opt 31-138] Pushed 0 inverter(s) to 0 load pin(s).
INFO: [Project 1-111] Unisim Transformation Summary:
  A total of 2 instances were transformed.
  BUFGCE => BUFGCTRL: 2 instances

RTL Elaboration Complete:  : Time (s): cpu = 00:00:34 ; elapsed = 00:00:30 . Memory (MB): peak = 1873.699 ; gain = 495.113
55 Infos, 7 Warnings, 0 Critical Warnings and 0 Errors encountered.
synth_design completed successfully
synth_design: Time (s): cpu = 00:00:34 ; elapsed = 00:00:30 . Memory (MB): peak = 1873.699 ; gain = 495.113
set_property PROBES.FILE {} [get_hw_devices xc7a35t_0]
set_property FULL_PROBES.FILE {} [get_hw_devices xc7a35t_0]
set_property PROGRAM.FILE {C:/Users/Filip/Desktop/FKSIEZYC/FKsiezyc_VGAPROJECT/FilipKsiezyc_projekt_vga/FilipKsiezyc_projekt_vga.runs/impl_1/vga_example.bit} [get_hw_devices xc7a35t_0]
program_hw_devices [get_hw_devices xc7a35t_0]
INFO: [Labtools 27-3164] End of startup status: HIGH
refresh_hw_device [lindex [get_hw_devices xc7a35t_0] 0]
INFO: [Labtools 27-1434] Device xc7a35t (JTAG device index = 0) is programmed with a design that has no supported debug core(s) in it.
WARNING: [Labtools 27-3361] The debug hub core was not detected.
Resolution: 
1. Make sure the clock connected to the debug hub (dbg_hub) core is a free running clock and is active.
2. Make sure the BSCAN_SWITCH_USER_MASK device property in Vivado Hardware Manager reflects the user scan chain setting in the design and refresh the device.  To determine the user scan chain setting in the design, open the implemented design and use 'get_property C_USER_SCAN_CHAIN [get_debug_cores dbg_hub]'.
For more details on setting the scan chain property, consult the Vivado Debug and Programming User Guide (UG908).
reset_run synth_1
launch_runs synth_1 -jobs 2
[Tue Apr 14 19:22:43 2020] Launched synth_1...
Run output will be captured here: C:/Users/Filip/Desktop/FKSIEZYC/FKsiezyc_VGAPROJECT/FilipKsiezyc_projekt_vga/FilipKsiezyc_projekt_vga.runs/synth_1/runme.log
launch_runs impl_1 -jobs 2
[Tue Apr 14 19:24:25 2020] Launched impl_1...
Run output will be captured here: C:/Users/Filip/Desktop/FKSIEZYC/FKsiezyc_VGAPROJECT/FilipKsiezyc_projekt_vga/FilipKsiezyc_projekt_vga.runs/impl_1/runme.log
launch_runs impl_1 -to_step write_bitstream -jobs 2
[Tue Apr 14 19:26:38 2020] Launched impl_1...
Run output will be captured here: C:/Users/Filip/Desktop/FKSIEZYC/FKsiezyc_VGAPROJECT/FilipKsiezyc_projekt_vga/FilipKsiezyc_projekt_vga.runs/impl_1/runme.log
set_property PROBES.FILE {} [get_hw_devices xc7a35t_0]
set_property FULL_PROBES.FILE {} [get_hw_devices xc7a35t_0]
set_property PROGRAM.FILE {C:/Users/Filip/Desktop/FKSIEZYC/FKsiezyc_VGAPROJECT/FilipKsiezyc_projekt_vga/FilipKsiezyc_projekt_vga.runs/impl_1/vga_example.bit} [get_hw_devices xc7a35t_0]
program_hw_devices [get_hw_devices xc7a35t_0]
INFO: [Labtools 27-3164] End of startup status: HIGH
refresh_hw_device [lindex [get_hw_devices xc7a35t_0] 0]
INFO: [Labtools 27-1434] Device xc7a35t (JTAG device index = 0) is programmed with a design that has no supported debug core(s) in it.
WARNING: [Labtools 27-3361] The debug hub core was not detected.
Resolution: 
1. Make sure the clock connected to the debug hub (dbg_hub) core is a free running clock and is active.
2. Make sure the BSCAN_SWITCH_USER_MASK device property in Vivado Hardware Manager reflects the user scan chain setting in the design and refresh the device.  To determine the user scan chain setting in the design, open the implemented design and use 'get_property C_USER_SCAN_CHAIN [get_debug_cores dbg_hub]'.
For more details on setting the scan chain property, consult the Vivado Debug and Programming User Guide (UG908).
reset_run synth_1
launch_runs synth_1 -jobs 2
[Tue Apr 14 19:30:53 2020] Launched synth_1...
Run output will be captured here: C:/Users/Filip/Desktop/FKSIEZYC/FKsiezyc_VGAPROJECT/FilipKsiezyc_projekt_vga/FilipKsiezyc_projekt_vga.runs/synth_1/runme.log
launch_runs impl_1 -jobs 2
[Tue Apr 14 19:33:12 2020] Launched impl_1...
Run output will be captured here: C:/Users/Filip/Desktop/FKSIEZYC/FKsiezyc_VGAPROJECT/FilipKsiezyc_projekt_vga/FilipKsiezyc_projekt_vga.runs/impl_1/runme.log
launch_runs impl_1 -to_step write_bitstream -jobs 2
[Tue Apr 14 19:35:09 2020] Launched impl_1...
Run output will be captured here: C:/Users/Filip/Desktop/FKSIEZYC/FKsiezyc_VGAPROJECT/FilipKsiezyc_projekt_vga/FilipKsiezyc_projekt_vga.runs/impl_1/runme.log
set_property PROBES.FILE {} [get_hw_devices xc7a35t_0]
set_property FULL_PROBES.FILE {} [get_hw_devices xc7a35t_0]
set_property PROGRAM.FILE {C:/Users/Filip/Desktop/FKSIEZYC/FKsiezyc_VGAPROJECT/FilipKsiezyc_projekt_vga/FilipKsiezyc_projekt_vga.runs/impl_1/vga_example.bit} [get_hw_devices xc7a35t_0]
program_hw_devices [get_hw_devices xc7a35t_0]
INFO: [Labtools 27-3164] End of startup status: HIGH
refresh_hw_device [lindex [get_hw_devices xc7a35t_0] 0]
INFO: [Labtools 27-1434] Device xc7a35t (JTAG device index = 0) is programmed with a design that has no supported debug core(s) in it.
WARNING: [Labtools 27-3361] The debug hub core was not detected.
Resolution: 
1. Make sure the clock connected to the debug hub (dbg_hub) core is a free running clock and is active.
2. Make sure the BSCAN_SWITCH_USER_MASK device property in Vivado Hardware Manager reflects the user scan chain setting in the design and refresh the device.  To determine the user scan chain setting in the design, open the implemented design and use 'get_property C_USER_SCAN_CHAIN [get_debug_cores dbg_hub]'.
For more details on setting the scan chain property, consult the Vivado Debug and Programming User Guide (UG908).
reset_run synth_1
launch_runs synth_1 -jobs 2
[Tue Apr 14 19:39:15 2020] Launched synth_1...
Run output will be captured here: C:/Users/Filip/Desktop/FKSIEZYC/FKsiezyc_VGAPROJECT/FilipKsiezyc_projekt_vga/FilipKsiezyc_projekt_vga.runs/synth_1/runme.log
launch_runs impl_1 -jobs 2
[Tue Apr 14 19:41:11 2020] Launched impl_1...
Run output will be captured here: C:/Users/Filip/Desktop/FKSIEZYC/FKsiezyc_VGAPROJECT/FilipKsiezyc_projekt_vga/FilipKsiezyc_projekt_vga.runs/impl_1/runme.log
launch_runs impl_1 -to_step write_bitstream -jobs 2
[Tue Apr 14 19:43:27 2020] Launched impl_1...
Run output will be captured here: C:/Users/Filip/Desktop/FKSIEZYC/FKsiezyc_VGAPROJECT/FilipKsiezyc_projekt_vga/FilipKsiezyc_projekt_vga.runs/impl_1/runme.log
set_property PROBES.FILE {} [get_hw_devices xc7a35t_0]
set_property FULL_PROBES.FILE {} [get_hw_devices xc7a35t_0]
set_property PROGRAM.FILE {C:/Users/Filip/Desktop/FKSIEZYC/FKsiezyc_VGAPROJECT/FilipKsiezyc_projekt_vga/FilipKsiezyc_projekt_vga.runs/impl_1/vga_example.bit} [get_hw_devices xc7a35t_0]
program_hw_devices [get_hw_devices xc7a35t_0]
INFO: [Labtools 27-3164] End of startup status: HIGH
refresh_hw_device [lindex [get_hw_devices xc7a35t_0] 0]
INFO: [Labtools 27-1434] Device xc7a35t (JTAG device index = 0) is programmed with a design that has no supported debug core(s) in it.
WARNING: [Labtools 27-3361] The debug hub core was not detected.
Resolution: 
1. Make sure the clock connected to the debug hub (dbg_hub) core is a free running clock and is active.
2. Make sure the BSCAN_SWITCH_USER_MASK device property in Vivado Hardware Manager reflects the user scan chain setting in the design and refresh the device.  To determine the user scan chain setting in the design, open the implemented design and use 'get_property C_USER_SCAN_CHAIN [get_debug_cores dbg_hub]'.
For more details on setting the scan chain property, consult the Vivado Debug and Programming User Guide (UG908).
reset_run synth_1
launch_runs synth_1 -jobs 2
[Tue Apr 14 19:47:13 2020] Launched synth_1...
Run output will be captured here: C:/Users/Filip/Desktop/FKSIEZYC/FKsiezyc_VGAPROJECT/FilipKsiezyc_projekt_vga/FilipKsiezyc_projekt_vga.runs/synth_1/runme.log
launch_runs impl_1 -jobs 2
[Tue Apr 14 19:49:23 2020] Launched impl_1...
Run output will be captured here: C:/Users/Filip/Desktop/FKSIEZYC/FKsiezyc_VGAPROJECT/FilipKsiezyc_projekt_vga/FilipKsiezyc_projekt_vga.runs/impl_1/runme.log
launch_runs impl_1 -to_step write_bitstream -jobs 2
[Tue Apr 14 19:51:21 2020] Launched impl_1...
Run output will be captured here: C:/Users/Filip/Desktop/FKSIEZYC/FKsiezyc_VGAPROJECT/FilipKsiezyc_projekt_vga/FilipKsiezyc_projekt_vga.runs/impl_1/runme.log
set_property PROBES.FILE {} [get_hw_devices xc7a35t_0]
set_property FULL_PROBES.FILE {} [get_hw_devices xc7a35t_0]
set_property PROGRAM.FILE {C:/Users/Filip/Desktop/FKSIEZYC/FKsiezyc_VGAPROJECT/FilipKsiezyc_projekt_vga/FilipKsiezyc_projekt_vga.runs/impl_1/vga_example.bit} [get_hw_devices xc7a35t_0]
program_hw_devices [get_hw_devices xc7a35t_0]
INFO: [Labtools 27-3164] End of startup status: HIGH
refresh_hw_device [lindex [get_hw_devices xc7a35t_0] 0]
INFO: [Labtools 27-1434] Device xc7a35t (JTAG device index = 0) is programmed with a design that has no supported debug core(s) in it.
WARNING: [Labtools 27-3361] The debug hub core was not detected.
Resolution: 
1. Make sure the clock connected to the debug hub (dbg_hub) core is a free running clock and is active.
2. Make sure the BSCAN_SWITCH_USER_MASK device property in Vivado Hardware Manager reflects the user scan chain setting in the design and refresh the device.  To determine the user scan chain setting in the design, open the implemented design and use 'get_property C_USER_SCAN_CHAIN [get_debug_cores dbg_hub]'.
For more details on setting the scan chain property, consult the Vivado Debug and Programming User Guide (UG908).
reset_run synth_1
launch_runs synth_1 -jobs 2
[Tue Apr 14 19:56:22 2020] Launched synth_1...
Run output will be captured here: C:/Users/Filip/Desktop/FKSIEZYC/FKsiezyc_VGAPROJECT/FilipKsiezyc_projekt_vga/FilipKsiezyc_projekt_vga.runs/synth_1/runme.log
launch_runs impl_1 -jobs 2
[Tue Apr 14 19:57:52 2020] Launched impl_1...
Run output will be captured here: C:/Users/Filip/Desktop/FKSIEZYC/FKsiezyc_VGAPROJECT/FilipKsiezyc_projekt_vga/FilipKsiezyc_projekt_vga.runs/impl_1/runme.log
launch_runs impl_1 -to_step write_bitstream -jobs 2
[Tue Apr 14 19:59:46 2020] Launched impl_1...
Run output will be captured here: C:/Users/Filip/Desktop/FKSIEZYC/FKsiezyc_VGAPROJECT/FilipKsiezyc_projekt_vga/FilipKsiezyc_projekt_vga.runs/impl_1/runme.log
set_property PROBES.FILE {} [get_hw_devices xc7a35t_0]
set_property FULL_PROBES.FILE {} [get_hw_devices xc7a35t_0]
set_property PROGRAM.FILE {C:/Users/Filip/Desktop/FKSIEZYC/FKsiezyc_VGAPROJECT/FilipKsiezyc_projekt_vga/FilipKsiezyc_projekt_vga.runs/impl_1/vga_example.bit} [get_hw_devices xc7a35t_0]
program_hw_devices [get_hw_devices xc7a35t_0]
INFO: [Labtools 27-3164] End of startup status: HIGH
refresh_hw_device [lindex [get_hw_devices xc7a35t_0] 0]
INFO: [Labtools 27-1434] Device xc7a35t (JTAG device index = 0) is programmed with a design that has no supported debug core(s) in it.
WARNING: [Labtools 27-3361] The debug hub core was not detected.
Resolution: 
1. Make sure the clock connected to the debug hub (dbg_hub) core is a free running clock and is active.
2. Make sure the BSCAN_SWITCH_USER_MASK device property in Vivado Hardware Manager reflects the user scan chain setting in the design and refresh the device.  To determine the user scan chain setting in the design, open the implemented design and use 'get_property C_USER_SCAN_CHAIN [get_debug_cores dbg_hub]'.
For more details on setting the scan chain property, consult the Vivado Debug and Programming User Guide (UG908).
reset_run synth_1
launch_runs synth_1 -jobs 2
[Tue Apr 14 20:04:35 2020] Launched synth_1...
Run output will be captured here: C:/Users/Filip/Desktop/FKSIEZYC/FKsiezyc_VGAPROJECT/FilipKsiezyc_projekt_vga/FilipKsiezyc_projekt_vga.runs/synth_1/runme.log
launch_runs impl_1 -jobs 2
[Tue Apr 14 20:06:45 2020] Launched impl_1...
Run output will be captured here: C:/Users/Filip/Desktop/FKSIEZYC/FKsiezyc_VGAPROJECT/FilipKsiezyc_projekt_vga/FilipKsiezyc_projekt_vga.runs/impl_1/runme.log
launch_runs impl_1 -to_step write_bitstream -jobs 2
[Tue Apr 14 20:09:05 2020] Launched impl_1...
Run output will be captured here: C:/Users/Filip/Desktop/FKSIEZYC/FKsiezyc_VGAPROJECT/FilipKsiezyc_projekt_vga/FilipKsiezyc_projekt_vga.runs/impl_1/runme.log
set_property PROBES.FILE {} [get_hw_devices xc7a35t_0]
set_property FULL_PROBES.FILE {} [get_hw_devices xc7a35t_0]
set_property PROGRAM.FILE {C:/Users/Filip/Desktop/FKSIEZYC/FKsiezyc_VGAPROJECT/FilipKsiezyc_projekt_vga/FilipKsiezyc_projekt_vga.runs/impl_1/vga_example.bit} [get_hw_devices xc7a35t_0]
program_hw_devices [get_hw_devices xc7a35t_0]
INFO: [Labtools 27-3164] End of startup status: HIGH
refresh_hw_device [lindex [get_hw_devices xc7a35t_0] 0]
INFO: [Labtools 27-1434] Device xc7a35t (JTAG device index = 0) is programmed with a design that has no supported debug core(s) in it.
WARNING: [Labtools 27-3361] The debug hub core was not detected.
Resolution: 
1. Make sure the clock connected to the debug hub (dbg_hub) core is a free running clock and is active.
2. Make sure the BSCAN_SWITCH_USER_MASK device property in Vivado Hardware Manager reflects the user scan chain setting in the design and refresh the device.  To determine the user scan chain setting in the design, open the implemented design and use 'get_property C_USER_SCAN_CHAIN [get_debug_cores dbg_hub]'.
For more details on setting the scan chain property, consult the Vivado Debug and Programming User Guide (UG908).
reset_run synth_1
launch_runs synth_1 -jobs 2
[Tue Apr 14 20:15:32 2020] Launched synth_1...
Run output will be captured here: C:/Users/Filip/Desktop/FKSIEZYC/FKsiezyc_VGAPROJECT/FilipKsiezyc_projekt_vga/FilipKsiezyc_projekt_vga.runs/synth_1/runme.log
launch_runs impl_1 -jobs 2
[Tue Apr 14 20:17:28 2020] Launched impl_1...
Run output will be captured here: C:/Users/Filip/Desktop/FKSIEZYC/FKsiezyc_VGAPROJECT/FilipKsiezyc_projekt_vga/FilipKsiezyc_projekt_vga.runs/impl_1/runme.log
launch_runs impl_1 -to_step write_bitstream -jobs 2
[Tue Apr 14 20:20:16 2020] Launched impl_1...
Run output will be captured here: C:/Users/Filip/Desktop/FKSIEZYC/FKsiezyc_VGAPROJECT/FilipKsiezyc_projekt_vga/FilipKsiezyc_projekt_vga.runs/impl_1/runme.log
set_property PROBES.FILE {} [get_hw_devices xc7a35t_0]
set_property FULL_PROBES.FILE {} [get_hw_devices xc7a35t_0]
set_property PROGRAM.FILE {C:/Users/Filip/Desktop/FKSIEZYC/FKsiezyc_VGAPROJECT/FilipKsiezyc_projekt_vga/FilipKsiezyc_projekt_vga.runs/impl_1/vga_example.bit} [get_hw_devices xc7a35t_0]
program_hw_devices [get_hw_devices xc7a35t_0]
INFO: [Labtools 27-3164] End of startup status: HIGH
refresh_hw_device [lindex [get_hw_devices xc7a35t_0] 0]
INFO: [Labtools 27-1434] Device xc7a35t (JTAG device index = 0) is programmed with a design that has no supported debug core(s) in it.
WARNING: [Labtools 27-3361] The debug hub core was not detected.
Resolution: 
1. Make sure the clock connected to the debug hub (dbg_hub) core is a free running clock and is active.
2. Make sure the BSCAN_SWITCH_USER_MASK device property in Vivado Hardware Manager reflects the user scan chain setting in the design and refresh the device.  To determine the user scan chain setting in the design, open the implemented design and use 'get_property C_USER_SCAN_CHAIN [get_debug_cores dbg_hub]'.
For more details on setting the scan chain property, consult the Vivado Debug and Programming User Guide (UG908).
reset_run synth_1
launch_runs synth_1 -jobs 2
[Tue Apr 14 20:28:01 2020] Launched synth_1...
Run output will be captured here: C:/Users/Filip/Desktop/FKSIEZYC/FKsiezyc_VGAPROJECT/FilipKsiezyc_projekt_vga/FilipKsiezyc_projekt_vga.runs/synth_1/runme.log
launch_runs impl_1 -jobs 2
[Tue Apr 14 20:32:42 2020] Launched impl_1...
Run output will be captured here: C:/Users/Filip/Desktop/FKSIEZYC/FKsiezyc_VGAPROJECT/FilipKsiezyc_projekt_vga/FilipKsiezyc_projekt_vga.runs/impl_1/runme.log
launch_runs impl_1 -to_step write_bitstream -jobs 2
[Tue Apr 14 20:35:38 2020] Launched impl_1...
Run output will be captured here: C:/Users/Filip/Desktop/FKSIEZYC/FKsiezyc_VGAPROJECT/FilipKsiezyc_projekt_vga/FilipKsiezyc_projekt_vga.runs/impl_1/runme.log
set_property PROBES.FILE {} [get_hw_devices xc7a35t_0]
set_property FULL_PROBES.FILE {} [get_hw_devices xc7a35t_0]
set_property PROGRAM.FILE {C:/Users/Filip/Desktop/FKSIEZYC/FKsiezyc_VGAPROJECT/FilipKsiezyc_projekt_vga/FilipKsiezyc_projekt_vga.runs/impl_1/vga_example.bit} [get_hw_devices xc7a35t_0]
program_hw_devices [get_hw_devices xc7a35t_0]
INFO: [Labtools 27-3164] End of startup status: HIGH
refresh_hw_device [lindex [get_hw_devices xc7a35t_0] 0]
INFO: [Labtools 27-1434] Device xc7a35t (JTAG device index = 0) is programmed with a design that has no supported debug core(s) in it.
WARNING: [Labtools 27-3361] The debug hub core was not detected.
Resolution: 
1. Make sure the clock connected to the debug hub (dbg_hub) core is a free running clock and is active.
2. Make sure the BSCAN_SWITCH_USER_MASK device property in Vivado Hardware Manager reflects the user scan chain setting in the design and refresh the device.  To determine the user scan chain setting in the design, open the implemented design and use 'get_property C_USER_SCAN_CHAIN [get_debug_cores dbg_hub]'.
For more details on setting the scan chain property, consult the Vivado Debug and Programming User Guide (UG908).
reset_run synth_1
launch_runs synth_1 -jobs 2
[Tue Apr 14 20:38:53 2020] Launched synth_1...
Run output will be captured here: C:/Users/Filip/Desktop/FKSIEZYC/FKsiezyc_VGAPROJECT/FilipKsiezyc_projekt_vga/FilipKsiezyc_projekt_vga.runs/synth_1/runme.log
launch_runs impl_1 -jobs 2
[Tue Apr 14 20:40:26 2020] Launched impl_1...
Run output will be captured here: C:/Users/Filip/Desktop/FKSIEZYC/FKsiezyc_VGAPROJECT/FilipKsiezyc_projekt_vga/FilipKsiezyc_projekt_vga.runs/impl_1/runme.log
launch_runs impl_1 -to_step write_bitstream -jobs 2
[Tue Apr 14 20:42:41 2020] Launched impl_1...
Run output will be captured here: C:/Users/Filip/Desktop/FKSIEZYC/FKsiezyc_VGAPROJECT/FilipKsiezyc_projekt_vga/FilipKsiezyc_projekt_vga.runs/impl_1/runme.log
set_property PROBES.FILE {} [get_hw_devices xc7a35t_0]
set_property FULL_PROBES.FILE {} [get_hw_devices xc7a35t_0]
set_property PROGRAM.FILE {C:/Users/Filip/Desktop/FKSIEZYC/FKsiezyc_VGAPROJECT/FilipKsiezyc_projekt_vga/FilipKsiezyc_projekt_vga.runs/impl_1/vga_example.bit} [get_hw_devices xc7a35t_0]
program_hw_devices [get_hw_devices xc7a35t_0]
INFO: [Labtools 27-3164] End of startup status: HIGH
refresh_hw_device [lindex [get_hw_devices xc7a35t_0] 0]
INFO: [Labtools 27-1434] Device xc7a35t (JTAG device index = 0) is programmed with a design that has no supported debug core(s) in it.
WARNING: [Labtools 27-3361] The debug hub core was not detected.
Resolution: 
1. Make sure the clock connected to the debug hub (dbg_hub) core is a free running clock and is active.
2. Make sure the BSCAN_SWITCH_USER_MASK device property in Vivado Hardware Manager reflects the user scan chain setting in the design and refresh the device.  To determine the user scan chain setting in the design, open the implemented design and use 'get_property C_USER_SCAN_CHAIN [get_debug_cores dbg_hub]'.
For more details on setting the scan chain property, consult the Vivado Debug and Programming User Guide (UG908).
reset_run synth_1
launch_runs synth_1 -jobs 2
[Tue Apr 14 20:45:10 2020] Launched synth_1...
Run output will be captured here: C:/Users/Filip/Desktop/FKSIEZYC/FKsiezyc_VGAPROJECT/FilipKsiezyc_projekt_vga/FilipKsiezyc_projekt_vga.runs/synth_1/runme.log
launch_runs impl_1 -jobs 2
[Tue Apr 14 20:46:44 2020] Launched impl_1...
Run output will be captured here: C:/Users/Filip/Desktop/FKSIEZYC/FKsiezyc_VGAPROJECT/FilipKsiezyc_projekt_vga/FilipKsiezyc_projekt_vga.runs/impl_1/runme.log
launch_runs impl_1 -to_step write_bitstream -jobs 2
[Tue Apr 14 20:49:14 2020] Launched impl_1...
Run output will be captured here: C:/Users/Filip/Desktop/FKSIEZYC/FKsiezyc_VGAPROJECT/FilipKsiezyc_projekt_vga/FilipKsiezyc_projekt_vga.runs/impl_1/runme.log
set_property PROBES.FILE {} [get_hw_devices xc7a35t_0]
set_property FULL_PROBES.FILE {} [get_hw_devices xc7a35t_0]
set_property PROGRAM.FILE {C:/Users/Filip/Desktop/FKSIEZYC/FKsiezyc_VGAPROJECT/FilipKsiezyc_projekt_vga/FilipKsiezyc_projekt_vga.runs/impl_1/vga_example.bit} [get_hw_devices xc7a35t_0]
program_hw_devices [get_hw_devices xc7a35t_0]
INFO: [Labtools 27-3164] End of startup status: HIGH
refresh_hw_device [lindex [get_hw_devices xc7a35t_0] 0]
INFO: [Labtools 27-1434] Device xc7a35t (JTAG device index = 0) is programmed with a design that has no supported debug core(s) in it.
WARNING: [Labtools 27-3361] The debug hub core was not detected.
Resolution: 
1. Make sure the clock connected to the debug hub (dbg_hub) core is a free running clock and is active.
2. Make sure the BSCAN_SWITCH_USER_MASK device property in Vivado Hardware Manager reflects the user scan chain setting in the design and refresh the device.  To determine the user scan chain setting in the design, open the implemented design and use 'get_property C_USER_SCAN_CHAIN [get_debug_cores dbg_hub]'.
For more details on setting the scan chain property, consult the Vivado Debug and Programming User Guide (UG908).
close [ open C:/Users/Filip/Desktop/FKSIEZYC/FKsiezyc_VGAPROJECT/FilipKsiezyc_projekt_vga/FilipKsiezyc_projekt_vga.srcs/sources_1/new/char_rom_16x16.v w ]
add_files C:/Users/Filip/Desktop/FKSIEZYC/FKsiezyc_VGAPROJECT/FilipKsiezyc_projekt_vga/FilipKsiezyc_projekt_vga.srcs/sources_1/new/char_rom_16x16.v
update_compile_order -fileset sources_1
update_compile_order -fileset sources_1
reset_run synth_1
launch_runs synth_1 -jobs 2
[Tue Apr 14 21:38:43 2020] Launched synth_1...
Run output will be captured here: C:/Users/Filip/Desktop/FKSIEZYC/FKsiezyc_VGAPROJECT/FilipKsiezyc_projekt_vga/FilipKsiezyc_projekt_vga.runs/synth_1/runme.log
launch_runs impl_1 -jobs 2
[Tue Apr 14 21:40:15 2020] Launched impl_1...
Run output will be captured here: C:/Users/Filip/Desktop/FKSIEZYC/FKsiezyc_VGAPROJECT/FilipKsiezyc_projekt_vga/FilipKsiezyc_projekt_vga.runs/impl_1/runme.log
reset_run synth_1
launch_runs synth_1 -jobs 2
[Tue Apr 14 21:41:22 2020] Launched synth_1...
Run output will be captured here: C:/Users/Filip/Desktop/FKSIEZYC/FKsiezyc_VGAPROJECT/FilipKsiezyc_projekt_vga/FilipKsiezyc_projekt_vga.runs/synth_1/runme.log
launch_runs impl_1 -jobs 2
[Tue Apr 14 21:42:48 2020] Launched impl_1...
Run output will be captured here: C:/Users/Filip/Desktop/FKSIEZYC/FKsiezyc_VGAPROJECT/FilipKsiezyc_projekt_vga/FilipKsiezyc_projekt_vga.runs/impl_1/runme.log
launch_runs impl_1 -to_step write_bitstream -jobs 2
[Tue Apr 14 21:44:35 2020] Launched impl_1...
Run output will be captured here: C:/Users/Filip/Desktop/FKSIEZYC/FKsiezyc_VGAPROJECT/FilipKsiezyc_projekt_vga/FilipKsiezyc_projekt_vga.runs/impl_1/runme.log
set_property PROBES.FILE {} [get_hw_devices xc7a35t_0]
set_property FULL_PROBES.FILE {} [get_hw_devices xc7a35t_0]
set_property PROGRAM.FILE {C:/Users/Filip/Desktop/FKSIEZYC/FKsiezyc_VGAPROJECT/FilipKsiezyc_projekt_vga/FilipKsiezyc_projekt_vga.runs/impl_1/vga_example.bit} [get_hw_devices xc7a35t_0]
program_hw_devices [get_hw_devices xc7a35t_0]
INFO: [Labtools 27-3164] End of startup status: HIGH
refresh_hw_device [lindex [get_hw_devices xc7a35t_0] 0]
INFO: [Labtools 27-1434] Device xc7a35t (JTAG device index = 0) is programmed with a design that has no supported debug core(s) in it.
WARNING: [Labtools 27-3361] The debug hub core was not detected.
Resolution: 
1. Make sure the clock connected to the debug hub (dbg_hub) core is a free running clock and is active.
2. Make sure the BSCAN_SWITCH_USER_MASK device property in Vivado Hardware Manager reflects the user scan chain setting in the design and refresh the device.  To determine the user scan chain setting in the design, open the implemented design and use 'get_property C_USER_SCAN_CHAIN [get_debug_cores dbg_hub]'.
For more details on setting the scan chain property, consult the Vivado Debug and Programming User Guide (UG908).
reset_run synth_1
launch_runs synth_1 -jobs 2
[Tue Apr 14 21:48:24 2020] Launched synth_1...
Run output will be captured here: C:/Users/Filip/Desktop/FKSIEZYC/FKsiezyc_VGAPROJECT/FilipKsiezyc_projekt_vga/FilipKsiezyc_projekt_vga.runs/synth_1/runme.log
launch_runs impl_1 -jobs 2
[Tue Apr 14 21:49:49 2020] Launched impl_1...
Run output will be captured here: C:/Users/Filip/Desktop/FKSIEZYC/FKsiezyc_VGAPROJECT/FilipKsiezyc_projekt_vga/FilipKsiezyc_projekt_vga.runs/impl_1/runme.log
reset_run synth_1
launch_runs synth_1 -jobs 2
[Tue Apr 14 21:50:45 2020] Launched synth_1...
Run output will be captured here: C:/Users/Filip/Desktop/FKSIEZYC/FKsiezyc_VGAPROJECT/FilipKsiezyc_projekt_vga/FilipKsiezyc_projekt_vga.runs/synth_1/runme.log
launch_runs impl_1 -jobs 2
[Tue Apr 14 21:52:49 2020] Launched impl_1...
Run output will be captured here: C:/Users/Filip/Desktop/FKSIEZYC/FKsiezyc_VGAPROJECT/FilipKsiezyc_projekt_vga/FilipKsiezyc_projekt_vga.runs/impl_1/runme.log
launch_runs impl_1 -to_step write_bitstream -jobs 2
[Tue Apr 14 22:00:06 2020] Launched impl_1...
Run output will be captured here: C:/Users/Filip/Desktop/FKSIEZYC/FKsiezyc_VGAPROJECT/FilipKsiezyc_projekt_vga/FilipKsiezyc_projekt_vga.runs/impl_1/runme.log
set_property PROBES.FILE {} [get_hw_devices xc7a35t_0]
set_property FULL_PROBES.FILE {} [get_hw_devices xc7a35t_0]
set_property PROGRAM.FILE {C:/Users/Filip/Desktop/FKSIEZYC/FKsiezyc_VGAPROJECT/FilipKsiezyc_projekt_vga/FilipKsiezyc_projekt_vga.runs/impl_1/vga_example.bit} [get_hw_devices xc7a35t_0]
program_hw_devices [get_hw_devices xc7a35t_0]
INFO: [Labtools 27-3164] End of startup status: HIGH
refresh_hw_device [lindex [get_hw_devices xc7a35t_0] 0]
INFO: [Labtools 27-1434] Device xc7a35t (JTAG device index = 0) is programmed with a design that has no supported debug core(s) in it.
WARNING: [Labtools 27-3361] The debug hub core was not detected.
Resolution: 
1. Make sure the clock connected to the debug hub (dbg_hub) core is a free running clock and is active.
2. Make sure the BSCAN_SWITCH_USER_MASK device property in Vivado Hardware Manager reflects the user scan chain setting in the design and refresh the device.  To determine the user scan chain setting in the design, open the implemented design and use 'get_property C_USER_SCAN_CHAIN [get_debug_cores dbg_hub]'.
For more details on setting the scan chain property, consult the Vivado Debug and Programming User Guide (UG908).
refresh_design
---------------------------------------------------------------------------------
Starting RTL Elaboration : Time (s): cpu = 00:00:09 ; elapsed = 00:00:09 . Memory (MB): peak = 1920.184 ; gain = 0.000
---------------------------------------------------------------------------------
INFO: [Synth 8-638] synthesizing module 'vga_example' [C:/Users/Filip/Desktop/FKSIEZYC/FKsiezyc_VGAPROJECT/FilipKsiezyc_projekt_vga/FilipKsiezyc_projekt_vga.srcs/sources_1/imports/IMPORT/vga_example.v:13]
INFO: [Synth 8-638] synthesizing module 'clk_divider' [c:/Users/Filip/Desktop/FKSIEZYC/FKsiezyc_VGAPROJECT/FilipKsiezyc_projekt_vga/FilipKsiezyc_projekt_vga.srcs/sources_1/ip/clk_divider/clk_divider.v:71]
INFO: [Synth 8-638] synthesizing module 'clk_divider_clk_wiz' [c:/Users/Filip/Desktop/FKSIEZYC/FKsiezyc_VGAPROJECT/FilipKsiezyc_projekt_vga/FilipKsiezyc_projekt_vga.srcs/sources_1/ip/clk_divider/clk_divider_clk_wiz.v:69]
INFO: [Synth 8-5534] Detected attribute (* KEEP = "TRUE" *) [c:/Users/Filip/Desktop/FKSIEZYC/FKsiezyc_VGAPROJECT/FilipKsiezyc_projekt_vga/FilipKsiezyc_projekt_vga.srcs/sources_1/ip/clk_divider/clk_divider_clk_wiz.v:127]
INFO: [Synth 8-5534] Detected attribute (* ASYNC_REG = "TRUE" *) [c:/Users/Filip/Desktop/FKSIEZYC/FKsiezyc_VGAPROJECT/FilipKsiezyc_projekt_vga/FilipKsiezyc_projekt_vga.srcs/sources_1/ip/clk_divider/clk_divider_clk_wiz.v:127]
INFO: [Synth 8-5534] Detected attribute (* KEEP = "TRUE" *) [c:/Users/Filip/Desktop/FKSIEZYC/FKsiezyc_VGAPROJECT/FilipKsiezyc_projekt_vga/FilipKsiezyc_projekt_vga.srcs/sources_1/ip/clk_divider/clk_divider_clk_wiz.v:130]
INFO: [Synth 8-5534] Detected attribute (* ASYNC_REG = "TRUE" *) [c:/Users/Filip/Desktop/FKSIEZYC/FKsiezyc_VGAPROJECT/FilipKsiezyc_projekt_vga/FilipKsiezyc_projekt_vga.srcs/sources_1/ip/clk_divider/clk_divider_clk_wiz.v:130]
INFO: [Synth 8-638] synthesizing module 'IBUF' [C:/Xilinx/Vivado/2017.3/scripts/rt/data/unisim_comp.v:19468]
	Parameter CAPACITANCE bound to: DONT_CARE - type: string 
	Parameter IBUF_DELAY_VALUE bound to: 0 - type: string 
	Parameter IBUF_LOW_PWR bound to: TRUE - type: string 
	Parameter IFD_DELAY_VALUE bound to: AUTO - type: string 
	Parameter IOSTANDARD bound to: DEFAULT - type: string 
INFO: [Synth 8-256] done synthesizing module 'IBUF' (1#1) [C:/Xilinx/Vivado/2017.3/scripts/rt/data/unisim_comp.v:19468]
INFO: [Synth 8-638] synthesizing module 'MMCME2_ADV' [C:/Xilinx/Vivado/2017.3/scripts/rt/data/unisim_comp.v:25757]
	Parameter BANDWIDTH bound to: OPTIMIZED - type: string 
	Parameter CLKFBOUT_MULT_F bound to: 10.000000 - type: float 
	Parameter CLKFBOUT_PHASE bound to: 0.000000 - type: float 
	Parameter CLKFBOUT_USE_FINE_PS bound to: FALSE - type: string 
	Parameter CLKIN1_PERIOD bound to: 10.000000 - type: float 
	Parameter CLKIN2_PERIOD bound to: 0.000000 - type: float 
	Parameter CLKOUT0_DIVIDE_F bound to: 10.000000 - type: float 
	Parameter CLKOUT0_DUTY_CYCLE bound to: 0.500000 - type: float 
	Parameter CLKOUT0_PHASE bound to: 0.000000 - type: float 
	Parameter CLKOUT0_USE_FINE_PS bound to: FALSE - type: string 
	Parameter CLKOUT1_DIVIDE bound to: 25 - type: integer 
	Parameter CLKOUT1_DUTY_CYCLE bound to: 0.500000 - type: float 
	Parameter CLKOUT1_PHASE bound to: 0.000000 - type: float 
	Parameter CLKOUT1_USE_FINE_PS bound to: FALSE - type: string 
	Parameter CLKOUT2_DIVIDE bound to: 1 - type: integer 
	Parameter CLKOUT2_DUTY_CYCLE bound to: 0.500000 - type: float 
	Parameter CLKOUT2_PHASE bound to: 0.000000 - type: float 
	Parameter CLKOUT2_USE_FINE_PS bound to: FALSE - type: string 
	Parameter CLKOUT3_DIVIDE bound to: 1 - type: integer 
	Parameter CLKOUT3_DUTY_CYCLE bound to: 0.500000 - type: float 
	Parameter CLKOUT3_PHASE bound to: 0.000000 - type: float 
	Parameter CLKOUT3_USE_FINE_PS bound to: FALSE - type: string 
	Parameter CLKOUT4_CASCADE bound to: FALSE - type: string 
	Parameter CLKOUT4_DIVIDE bound to: 1 - type: integer 
	Parameter CLKOUT4_DUTY_CYCLE bound to: 0.500000 - type: float 
	Parameter CLKOUT4_PHASE bound to: 0.000000 - type: float 
	Parameter CLKOUT4_USE_FINE_PS bound to: FALSE - type: string 
	Parameter CLKOUT5_DIVIDE bound to: 1 - type: integer 
	Parameter CLKOUT5_DUTY_CYCLE bound to: 0.500000 - type: float 
	Parameter CLKOUT5_PHASE bound to: 0.000000 - type: float 
	Parameter CLKOUT5_USE_FINE_PS bound to: FALSE - type: string 
	Parameter CLKOUT6_DIVIDE bound to: 1 - type: integer 
	Parameter CLKOUT6_DUTY_CYCLE bound to: 0.500000 - type: float 
	Parameter CLKOUT6_PHASE bound to: 0.000000 - type: float 
	Parameter CLKOUT6_USE_FINE_PS bound to: FALSE - type: string 
	Parameter COMPENSATION bound to: ZHOLD - type: string 
	Parameter DIVCLK_DIVIDE bound to: 1 - type: integer 
	Parameter IS_CLKINSEL_INVERTED bound to: 1'b0 
	Parameter IS_PSEN_INVERTED bound to: 1'b0 
	Parameter IS_PSINCDEC_INVERTED bound to: 1'b0 
	Parameter IS_PWRDWN_INVERTED bound to: 1'b0 
	Parameter IS_RST_INVERTED bound to: 1'b0 
	Parameter REF_JITTER1 bound to: 0.010000 - type: float 
	Parameter REF_JITTER2 bound to: 0.010000 - type: float 
	Parameter SS_EN bound to: FALSE - type: string 
	Parameter SS_MODE bound to: CENTER_HIGH - type: string 
	Parameter SS_MOD_PERIOD bound to: 10000 - type: integer 
	Parameter STARTUP_WAIT bound to: FALSE - type: string 
INFO: [Synth 8-256] done synthesizing module 'MMCME2_ADV' (2#1) [C:/Xilinx/Vivado/2017.3/scripts/rt/data/unisim_comp.v:25757]
INFO: [Synth 8-638] synthesizing module 'BUFG' [C:/Xilinx/Vivado/2017.3/scripts/rt/data/unisim_comp.v:607]
INFO: [Synth 8-256] done synthesizing module 'BUFG' (3#1) [C:/Xilinx/Vivado/2017.3/scripts/rt/data/unisim_comp.v:607]
INFO: [Synth 8-638] synthesizing module 'BUFGCE' [C:/Xilinx/Vivado/2017.3/scripts/rt/data/unisim_comp.v:617]
	Parameter CE_TYPE bound to: SYNC - type: string 
	Parameter IS_CE_INVERTED bound to: 1'b0 
	Parameter IS_I_INVERTED bound to: 1'b0 
INFO: [Synth 8-256] done synthesizing module 'BUFGCE' (4#1) [C:/Xilinx/Vivado/2017.3/scripts/rt/data/unisim_comp.v:617]
INFO: [Synth 8-638] synthesizing module 'BUFH' [C:/Xilinx/Vivado/2017.3/scripts/rt/data/unisim_comp.v:806]
INFO: [Synth 8-256] done synthesizing module 'BUFH' (5#1) [C:/Xilinx/Vivado/2017.3/scripts/rt/data/unisim_comp.v:806]
INFO: [Synth 8-256] done synthesizing module 'clk_divider_clk_wiz' (6#1) [c:/Users/Filip/Desktop/FKSIEZYC/FKsiezyc_VGAPROJECT/FilipKsiezyc_projekt_vga/FilipKsiezyc_projekt_vga.srcs/sources_1/ip/clk_divider/clk_divider_clk_wiz.v:69]
INFO: [Synth 8-256] done synthesizing module 'clk_divider' (7#1) [c:/Users/Filip/Desktop/FKSIEZYC/FKsiezyc_VGAPROJECT/FilipKsiezyc_projekt_vga/FilipKsiezyc_projekt_vga.srcs/sources_1/ip/clk_divider/clk_divider.v:71]
INFO: [Synth 8-638] synthesizing module 'ODDR' [C:/Xilinx/Vivado/2017.3/scripts/rt/data/unisim_comp.v:30648]
	Parameter DDR_CLK_EDGE bound to: OPPOSITE_EDGE - type: string 
	Parameter INIT bound to: 1'b0 
	Parameter IS_C_INVERTED bound to: 1'b0 
	Parameter IS_D1_INVERTED bound to: 1'b0 
	Parameter IS_D2_INVERTED bound to: 1'b0 
	Parameter SRTYPE bound to: SYNC - type: string 
INFO: [Synth 8-256] done synthesizing module 'ODDR' (8#1) [C:/Xilinx/Vivado/2017.3/scripts/rt/data/unisim_comp.v:30648]
INFO: [Synth 8-638] synthesizing module 'vga_timing' [C:/Users/Filip/Desktop/FKSIEZYC/FKsiezyc_VGAPROJECT/FilipKsiezyc_projekt_vga/FilipKsiezyc_projekt_vga.srcs/sources_1/imports/IMPORT/vga_timing.v:13]
INFO: [Synth 8-256] done synthesizing module 'vga_timing' (9#1) [C:/Users/Filip/Desktop/FKSIEZYC/FKsiezyc_VGAPROJECT/FilipKsiezyc_projekt_vga/FilipKsiezyc_projekt_vga.srcs/sources_1/imports/IMPORT/vga_timing.v:13]
INFO: [Synth 8-638] synthesizing module 'draw_background' [C:/Users/Filip/Desktop/FKSIEZYC/FKsiezyc_VGAPROJECT/FilipKsiezyc_projekt_vga/FilipKsiezyc_projekt_vga.srcs/sources_1/new/draw_background.v:23]
INFO: [Synth 8-256] done synthesizing module 'draw_background' (10#1) [C:/Users/Filip/Desktop/FKSIEZYC/FKsiezyc_VGAPROJECT/FilipKsiezyc_projekt_vga/FilipKsiezyc_projekt_vga.srcs/sources_1/new/draw_background.v:23]
INFO: [Synth 8-638] synthesizing module 'MouseCtl' [C:/Users/Filip/Desktop/FKSIEZYC/FKsiezyc_VGAPROJECT/FilipKsiezyc_projekt_vga/FilipKsiezyc_projekt_vga.srcs/sources_1/new/MouseCtl.vhd:207]
	Parameter SYSCLK_FREQUENCY_HZ bound to: 100000000 - type: integer 
	Parameter CHECK_PERIOD_MS bound to: 500 - type: integer 
	Parameter TIMEOUT_PERIOD_MS bound to: 100 - type: integer 
INFO: [Synth 8-3491] module 'Ps2Interface' declared at 'C:/Users/Filip/Desktop/FKSIEZYC/FKsiezyc_VGAPROJECT/FilipKsiezyc_projekt_vga/FilipKsiezyc_projekt_vga.srcs/sources_1/new/Ps2Interface.vhd:152' bound to instance 'Inst_Ps2Interface' of component 'Ps2Interface' [C:/Users/Filip/Desktop/FKSIEZYC/FKsiezyc_VGAPROJECT/FilipKsiezyc_projekt_vga/FilipKsiezyc_projekt_vga.srcs/sources_1/new/MouseCtl.vhd:369]
INFO: [Synth 8-638] synthesizing module 'Ps2Interface' [C:/Users/Filip/Desktop/FKSIEZYC/FKsiezyc_VGAPROJECT/FilipKsiezyc_projekt_vga/FilipKsiezyc_projekt_vga.srcs/sources_1/new/Ps2Interface.vhd:180]
INFO: [Synth 8-256] done synthesizing module 'Ps2Interface' (11#1) [C:/Users/Filip/Desktop/FKSIEZYC/FKsiezyc_VGAPROJECT/FilipKsiezyc_projekt_vga/FilipKsiezyc_projekt_vga.srcs/sources_1/new/Ps2Interface.vhd:180]
WARNING: [Synth 8-6014] Unused sequential element inc_reg was removed.  [C:/Users/Filip/Desktop/FKSIEZYC/FKsiezyc_VGAPROJECT/FilipKsiezyc_projekt_vga/FilipKsiezyc_projekt_vga.srcs/sources_1/new/MouseCtl.vhd:450]
WARNING: [Synth 8-6014] Unused sequential element x_inter_reg was removed.  [C:/Users/Filip/Desktop/FKSIEZYC/FKsiezyc_VGAPROJECT/FilipKsiezyc_projekt_vga/FilipKsiezyc_projekt_vga.srcs/sources_1/new/MouseCtl.vhd:456]
WARNING: [Synth 8-6014] Unused sequential element inc_reg was removed.  [C:/Users/Filip/Desktop/FKSIEZYC/FKsiezyc_VGAPROJECT/FilipKsiezyc_projekt_vga/FilipKsiezyc_projekt_vga.srcs/sources_1/new/MouseCtl.vhd:514]
WARNING: [Synth 8-6014] Unused sequential element y_inter_reg was removed.  [C:/Users/Filip/Desktop/FKSIEZYC/FKsiezyc_VGAPROJECT/FilipKsiezyc_projekt_vga/FilipKsiezyc_projekt_vga.srcs/sources_1/new/MouseCtl.vhd:520]
INFO: [Synth 8-256] done synthesizing module 'MouseCtl' (12#1) [C:/Users/Filip/Desktop/FKSIEZYC/FKsiezyc_VGAPROJECT/FilipKsiezyc_projekt_vga/FilipKsiezyc_projekt_vga.srcs/sources_1/new/MouseCtl.vhd:207]
INFO: [Synth 8-638] synthesizing module 'font_rom' [C:/Users/Filip/Desktop/FKSIEZYC/FKsiezyc_VGAPROJECT/FilipKsiezyc_projekt_vga/FilipKsiezyc_projekt_vga.srcs/sources_1/imports/IMPORT/FONT/font_rom.v:9]
INFO: [Synth 8-256] done synthesizing module 'font_rom' (13#1) [C:/Users/Filip/Desktop/FKSIEZYC/FKsiezyc_VGAPROJECT/FilipKsiezyc_projekt_vga/FilipKsiezyc_projekt_vga.srcs/sources_1/imports/IMPORT/FONT/font_rom.v:9]
INFO: [Synth 8-638] synthesizing module 'char_rom_16x16' [C:/Users/Filip/Desktop/FKSIEZYC/FKsiezyc_VGAPROJECT/FilipKsiezyc_projekt_vga/FilipKsiezyc_projekt_vga.srcs/sources_1/new/char_rom_16x16.v:23]
INFO: [Synth 8-256] done synthesizing module 'char_rom_16x16' (14#1) [C:/Users/Filip/Desktop/FKSIEZYC/FKsiezyc_VGAPROJECT/FilipKsiezyc_projekt_vga/FilipKsiezyc_projekt_vga.srcs/sources_1/new/char_rom_16x16.v:23]
INFO: [Synth 8-638] synthesizing module 'draw_rect_char' [C:/Users/Filip/Desktop/FKSIEZYC/FKsiezyc_VGAPROJECT/FilipKsiezyc_projekt_vga/FilipKsiezyc_projekt_vga.srcs/sources_1/new/draw_rect_char.v:23]
	Parameter X_POSITION bound to: 0 - type: integer 
	Parameter Y_POSITION bound to: 0 - type: integer 
	Parameter X_WIDITH bound to: 128 - type: integer 
	Parameter Y_WIDITH bound to: 256 - type: integer 
	Parameter COLOR bound to: 12'b000000000000 
INFO: [Synth 8-256] done synthesizing module 'draw_rect_char' (15#1) [C:/Users/Filip/Desktop/FKSIEZYC/FKsiezyc_VGAPROJECT/FilipKsiezyc_projekt_vga/FilipKsiezyc_projekt_vga.srcs/sources_1/new/draw_rect_char.v:23]
INFO: [Synth 8-638] synthesizing module 'buffer' [C:/Users/Filip/Desktop/FKSIEZYC/FKsiezyc_VGAPROJECT/FilipKsiezyc_projekt_vga/FilipKsiezyc_projekt_vga.srcs/sources_1/new/buffer.v:23]
INFO: [Synth 8-256] done synthesizing module 'buffer' (16#1) [C:/Users/Filip/Desktop/FKSIEZYC/FKsiezyc_VGAPROJECT/FilipKsiezyc_projekt_vga/FilipKsiezyc_projekt_vga.srcs/sources_1/new/buffer.v:23]
INFO: [Synth 8-638] synthesizing module 'image_rom' [C:/Users/Filip/Desktop/FKSIEZYC/FKsiezyc_VGAPROJECT/FilipKsiezyc_projekt_vga/FilipKsiezyc_projekt_vga.srcs/sources_1/imports/IMPORT/image_rom.v:7]
INFO: [Synth 8-3876] $readmem data file 'C:/Users/Filip/Desktop/FKSIEZYC/FKsiezyc_VGAPROJECT/FilipKsiezyc_projekt_vga/image_rom.data' is read successfully [C:/Users/Filip/Desktop/FKSIEZYC/FKsiezyc_VGAPROJECT/FilipKsiezyc_projekt_vga/FilipKsiezyc_projekt_vga.srcs/sources_1/imports/IMPORT/image_rom.v:16]
INFO: [Synth 8-256] done synthesizing module 'image_rom' (17#1) [C:/Users/Filip/Desktop/FKSIEZYC/FKsiezyc_VGAPROJECT/FilipKsiezyc_projekt_vga/FilipKsiezyc_projekt_vga.srcs/sources_1/imports/IMPORT/image_rom.v:7]
INFO: [Synth 8-638] synthesizing module 'draw_rect_ctl' [C:/Users/Filip/Desktop/FKSIEZYC/FKsiezyc_VGAPROJECT/FilipKsiezyc_projekt_vga/FilipKsiezyc_projekt_vga.srcs/sources_1/new/draw_rect_ctl.v:23]
	Parameter COUNTER_RESET bound to: 4000000 - type: integer 
	Parameter DOWN_OF_SCREEN bound to: 529 - type: integer 
	Parameter IDLE bound to: 1'b0 
	Parameter WORK bound to: 1'b1 
INFO: [Synth 8-256] done synthesizing module 'draw_rect_ctl' (18#1) [C:/Users/Filip/Desktop/FKSIEZYC/FKsiezyc_VGAPROJECT/FilipKsiezyc_projekt_vga/FilipKsiezyc_projekt_vga.srcs/sources_1/new/draw_rect_ctl.v:23]
INFO: [Synth 8-638] synthesizing module 'draw_rect' [C:/Users/Filip/Desktop/FKSIEZYC/FKsiezyc_VGAPROJECT/FilipKsiezyc_projekt_vga/FilipKsiezyc_projekt_vga.srcs/sources_1/new/draw_rect.v:21]
	Parameter X_WIDITH bound to: 48 - type: integer 
	Parameter Y_WIDITH bound to: 64 - type: integer 
INFO: [Synth 8-256] done synthesizing module 'draw_rect' (19#1) [C:/Users/Filip/Desktop/FKSIEZYC/FKsiezyc_VGAPROJECT/FilipKsiezyc_projekt_vga/FilipKsiezyc_projekt_vga.srcs/sources_1/new/draw_rect.v:21]
INFO: [Synth 8-638] synthesizing module 'MouseDisplay' [C:/Users/Filip/Desktop/FKSIEZYC/FKsiezyc_VGAPROJECT/FilipKsiezyc_projekt_vga/FilipKsiezyc_projekt_vga.srcs/sources_1/imports/IMPORT/MouseDisplay.vhd:129]
WARNING: [Synth 8-614] signal 'ypos' is read in the process but is not in the sensitivity list [C:/Users/Filip/Desktop/FKSIEZYC/FKsiezyc_VGAPROJECT/FilipKsiezyc_projekt_vga/FilipKsiezyc_projekt_vga.srcs/sources_1/imports/IMPORT/MouseDisplay.vhd:197]
INFO: [Synth 8-256] done synthesizing module 'MouseDisplay' (20#1) [C:/Users/Filip/Desktop/FKSIEZYC/FKsiezyc_VGAPROJECT/FilipKsiezyc_projekt_vga/FilipKsiezyc_projekt_vga.srcs/sources_1/imports/IMPORT/MouseDisplay.vhd:129]
INFO: [Synth 8-256] done synthesizing module 'vga_example' (21#1) [C:/Users/Filip/Desktop/FKSIEZYC/FKsiezyc_VGAPROJECT/FilipKsiezyc_projekt_vga/FilipKsiezyc_projekt_vga.srcs/sources_1/imports/IMPORT/vga_example.v:13]
WARNING: [Synth 8-3331] design draw_rect has unconnected port rst
WARNING: [Synth 8-3331] design draw_rect_char has unconnected port rst
---------------------------------------------------------------------------------
Finished RTL Elaboration : Time (s): cpu = 00:00:11 ; elapsed = 00:00:11 . Memory (MB): peak = 1964.863 ; gain = 44.680
---------------------------------------------------------------------------------

Report Check Netlist: 
+------+------------------+-------+---------+-------+------------------+
|      |Item              |Errors |Warnings |Status |Description       |
+------+------------------+-------+---------+-------+------------------+
|1     |multi_driven_nets |      0|        0|Passed |Multi driven nets |
+------+------------------+-------+---------+-------+------------------+
---------------------------------------------------------------------------------
Finished RTL Optimization Phase 1 : Time (s): cpu = 00:00:11 ; elapsed = 00:00:11 . Memory (MB): peak = 1964.863 ; gain = 44.680
---------------------------------------------------------------------------------
INFO: [Netlist 29-17] Analyzing 5 Unisim elements for replacement
INFO: [Netlist 29-28] Unisim Transformation completed in 0 CPU seconds
INFO: [Project 1-570] Preparing netlist for logic optimization

Processing XDC Constraints
Initializing timing engine
Parsing XDC File [c:/Users/Filip/Desktop/FKSIEZYC/FKsiezyc_VGAPROJECT/FilipKsiezyc_projekt_vga/FilipKsiezyc_projekt_vga.srcs/sources_1/ip/clk_divider/clk_divider_board.xdc] for cell 'my_clk_divider/inst'
Finished Parsing XDC File [c:/Users/Filip/Desktop/FKSIEZYC/FKsiezyc_VGAPROJECT/FilipKsiezyc_projekt_vga/FilipKsiezyc_projekt_vga.srcs/sources_1/ip/clk_divider/clk_divider_board.xdc] for cell 'my_clk_divider/inst'
Parsing XDC File [c:/Users/Filip/Desktop/FKSIEZYC/FKsiezyc_VGAPROJECT/FilipKsiezyc_projekt_vga/FilipKsiezyc_projekt_vga.srcs/sources_1/ip/clk_divider/clk_divider.xdc] for cell 'my_clk_divider/inst'
Finished Parsing XDC File [c:/Users/Filip/Desktop/FKSIEZYC/FKsiezyc_VGAPROJECT/FilipKsiezyc_projekt_vga/FilipKsiezyc_projekt_vga.srcs/sources_1/ip/clk_divider/clk_divider.xdc] for cell 'my_clk_divider/inst'
INFO: [Project 1-236] Implementation specific constraints were found while reading constraint file [c:/Users/Filip/Desktop/FKSIEZYC/FKsiezyc_VGAPROJECT/FilipKsiezyc_projekt_vga/FilipKsiezyc_projekt_vga.srcs/sources_1/ip/clk_divider/clk_divider.xdc]. These constraints will be ignored for synthesis but will be used in implementation. Impacted constraints are listed in the file [.Xil/vga_example_propImpl.xdc].
Resolution: To avoid this warning, move constraints listed in [.Xil/vga_example_propImpl.xdc] to another XDC file and exclude this new file from synthesis with the used_in_synthesis property (File Properties dialog in GUI) and re-run elaboration/synthesis.
INFO: [Timing 38-2] Deriving generated clocks
Parsing XDC File [C:/Users/Filip/Desktop/FKSIEZYC/FKsiezyc_VGAPROJECT/FilipKsiezyc_projekt_vga/FilipKsiezyc_projekt_vga.srcs/constrs_1/imports/IMPORT/vga_example.xdc]
Finished Parsing XDC File [C:/Users/Filip/Desktop/FKSIEZYC/FKsiezyc_VGAPROJECT/FilipKsiezyc_projekt_vga/FilipKsiezyc_projekt_vga.srcs/constrs_1/imports/IMPORT/vga_example.xdc]
Parsing XDC File [c:/Users/Filip/Desktop/FKSIEZYC/FKsiezyc_VGAPROJECT/FilipKsiezyc_projekt_vga/FilipKsiezyc_projekt_vga.srcs/sources_1/ip/clk_divider/clk_divider_late.xdc] for cell 'my_clk_divider/inst'
Finished Parsing XDC File [c:/Users/Filip/Desktop/FKSIEZYC/FKsiezyc_VGAPROJECT/FilipKsiezyc_projekt_vga/FilipKsiezyc_projekt_vga.srcs/sources_1/ip/clk_divider/clk_divider_late.xdc] for cell 'my_clk_divider/inst'
Completed Processing XDC Constraints

INFO: [Opt 31-141] Inserted 1 OBUFs to IO ports without IO buffers.
INFO: [Opt 31-138] Pushed 0 inverter(s) to 0 load pin(s).
refresh_design: Time (s): cpu = 00:00:20 ; elapsed = 00:00:17 . Memory (MB): peak = 1989.059 ; gain = 68.875
reset_run synth_1
launch_runs synth_1 -jobs 2
[Tue Apr 14 22:19:10 2020] Launched synth_1...
Run output will be captured here: C:/Users/Filip/Desktop/FKSIEZYC/FKsiezyc_VGAPROJECT/FilipKsiezyc_projekt_vga/FilipKsiezyc_projekt_vga.runs/synth_1/runme.log
launch_runs impl_1 -jobs 2
[Tue Apr 14 22:20:41 2020] Launched impl_1...
Run output will be captured here: C:/Users/Filip/Desktop/FKSIEZYC/FKsiezyc_VGAPROJECT/FilipKsiezyc_projekt_vga/FilipKsiezyc_projekt_vga.runs/impl_1/runme.log
launch_runs impl_1 -to_step write_bitstream -jobs 2
[Tue Apr 14 22:22:27 2020] Launched impl_1...
Run output will be captured here: C:/Users/Filip/Desktop/FKSIEZYC/FKsiezyc_VGAPROJECT/FilipKsiezyc_projekt_vga/FilipKsiezyc_projekt_vga.runs/impl_1/runme.log
set_property PROBES.FILE {} [get_hw_devices xc7a35t_0]
set_property FULL_PROBES.FILE {} [get_hw_devices xc7a35t_0]
set_property PROGRAM.FILE {C:/Users/Filip/Desktop/FKSIEZYC/FKsiezyc_VGAPROJECT/FilipKsiezyc_projekt_vga/FilipKsiezyc_projekt_vga.runs/impl_1/vga_example.bit} [get_hw_devices xc7a35t_0]
program_hw_devices [get_hw_devices xc7a35t_0]
INFO: [Labtools 27-3164] End of startup status: HIGH
refresh_hw_device [lindex [get_hw_devices xc7a35t_0] 0]
INFO: [Labtools 27-1434] Device xc7a35t (JTAG device index = 0) is programmed with a design that has no supported debug core(s) in it.
WARNING: [Labtools 27-3361] The debug hub core was not detected.
Resolution: 
1. Make sure the clock connected to the debug hub (dbg_hub) core is a free running clock and is active.
2. Make sure the BSCAN_SWITCH_USER_MASK device property in Vivado Hardware Manager reflects the user scan chain setting in the design and refresh the device.  To determine the user scan chain setting in the design, open the implemented design and use 'get_property C_USER_SCAN_CHAIN [get_debug_cores dbg_hub]'.
For more details on setting the scan chain property, consult the Vivado Debug and Programming User Guide (UG908).
reset_run synth_1
launch_runs synth_1 -jobs 2
[Tue Apr 14 22:30:00 2020] Launched synth_1...
Run output will be captured here: C:/Users/Filip/Desktop/FKSIEZYC/FKsiezyc_VGAPROJECT/FilipKsiezyc_projekt_vga/FilipKsiezyc_projekt_vga.runs/synth_1/runme.log
launch_runs impl_1 -jobs 2
[Tue Apr 14 22:31:39 2020] Launched impl_1...
Run output will be captured here: C:/Users/Filip/Desktop/FKSIEZYC/FKsiezyc_VGAPROJECT/FilipKsiezyc_projekt_vga/FilipKsiezyc_projekt_vga.runs/impl_1/runme.log
launch_runs impl_1 -to_step write_bitstream -jobs 2
[Tue Apr 14 22:33:27 2020] Launched impl_1...
Run output will be captured here: C:/Users/Filip/Desktop/FKSIEZYC/FKsiezyc_VGAPROJECT/FilipKsiezyc_projekt_vga/FilipKsiezyc_projekt_vga.runs/impl_1/runme.log
set_property PROBES.FILE {} [get_hw_devices xc7a35t_0]
set_property FULL_PROBES.FILE {} [get_hw_devices xc7a35t_0]
set_property PROGRAM.FILE {C:/Users/Filip/Desktop/FKSIEZYC/FKsiezyc_VGAPROJECT/FilipKsiezyc_projekt_vga/FilipKsiezyc_projekt_vga.runs/impl_1/vga_example.bit} [get_hw_devices xc7a35t_0]
program_hw_devices [get_hw_devices xc7a35t_0]
INFO: [Labtools 27-3164] End of startup status: HIGH
refresh_hw_device [lindex [get_hw_devices xc7a35t_0] 0]
INFO: [Labtools 27-1434] Device xc7a35t (JTAG device index = 0) is programmed with a design that has no supported debug core(s) in it.
WARNING: [Labtools 27-3361] The debug hub core was not detected.
Resolution: 
1. Make sure the clock connected to the debug hub (dbg_hub) core is a free running clock and is active.
2. Make sure the BSCAN_SWITCH_USER_MASK device property in Vivado Hardware Manager reflects the user scan chain setting in the design and refresh the device.  To determine the user scan chain setting in the design, open the implemented design and use 'get_property C_USER_SCAN_CHAIN [get_debug_cores dbg_hub]'.
For more details on setting the scan chain property, consult the Vivado Debug and Programming User Guide (UG908).
reset_run synth_1
launch_runs impl_1 -to_step write_bitstream -jobs 2
[Tue Apr 14 22:36:48 2020] Launched synth_1...
Run output will be captured here: C:/Users/Filip/Desktop/FKSIEZYC/FKsiezyc_VGAPROJECT/FilipKsiezyc_projekt_vga/FilipKsiezyc_projekt_vga.runs/synth_1/runme.log
[Tue Apr 14 22:36:49 2020] Launched impl_1...
Run output will be captured here: C:/Users/Filip/Desktop/FKSIEZYC/FKsiezyc_VGAPROJECT/FilipKsiezyc_projekt_vga/FilipKsiezyc_projekt_vga.runs/impl_1/runme.log
set_property PROBES.FILE {} [get_hw_devices xc7a35t_0]
set_property FULL_PROBES.FILE {} [get_hw_devices xc7a35t_0]
set_property PROGRAM.FILE {C:/Users/Filip/Desktop/FKSIEZYC/FKsiezyc_VGAPROJECT/FilipKsiezyc_projekt_vga/FilipKsiezyc_projekt_vga.runs/impl_1/vga_example.bit} [get_hw_devices xc7a35t_0]
program_hw_devices [get_hw_devices xc7a35t_0]
INFO: [Labtools 27-3164] End of startup status: HIGH
refresh_hw_device [lindex [get_hw_devices xc7a35t_0] 0]
INFO: [Labtools 27-1434] Device xc7a35t (JTAG device index = 0) is programmed with a design that has no supported debug core(s) in it.
WARNING: [Labtools 27-3361] The debug hub core was not detected.
Resolution: 
1. Make sure the clock connected to the debug hub (dbg_hub) core is a free running clock and is active.
2. Make sure the BSCAN_SWITCH_USER_MASK device property in Vivado Hardware Manager reflects the user scan chain setting in the design and refresh the device.  To determine the user scan chain setting in the design, open the implemented design and use 'get_property C_USER_SCAN_CHAIN [get_debug_cores dbg_hub]'.
For more details on setting the scan chain property, consult the Vivado Debug and Programming User Guide (UG908).
reset_run synth_1
launch_runs impl_1 -to_step write_bitstream -jobs 2
[Tue Apr 14 23:34:22 2020] Launched synth_1...
Run output will be captured here: C:/Users/Filip/Desktop/FKSIEZYC/FKsiezyc_VGAPROJECT/FilipKsiezyc_projekt_vga/FilipKsiezyc_projekt_vga.runs/synth_1/runme.log
[Tue Apr 14 23:34:22 2020] Launched impl_1...
Run output will be captured here: C:/Users/Filip/Desktop/FKSIEZYC/FKsiezyc_VGAPROJECT/FilipKsiezyc_projekt_vga/FilipKsiezyc_projekt_vga.runs/impl_1/runme.log
set_property PROBES.FILE {} [get_hw_devices xc7a35t_0]
set_property FULL_PROBES.FILE {} [get_hw_devices xc7a35t_0]
set_property PROGRAM.FILE {C:/Users/Filip/Desktop/FKSIEZYC/FKsiezyc_VGAPROJECT/FilipKsiezyc_projekt_vga/FilipKsiezyc_projekt_vga.runs/impl_1/vga_example.bit} [get_hw_devices xc7a35t_0]
program_hw_devices [get_hw_devices xc7a35t_0]
INFO: [Labtools 27-3164] End of startup status: HIGH
refresh_hw_device [lindex [get_hw_devices xc7a35t_0] 0]
INFO: [Labtools 27-1434] Device xc7a35t (JTAG device index = 0) is programmed with a design that has no supported debug core(s) in it.
WARNING: [Labtools 27-3361] The debug hub core was not detected.
Resolution: 
1. Make sure the clock connected to the debug hub (dbg_hub) core is a free running clock and is active.
2. Make sure the BSCAN_SWITCH_USER_MASK device property in Vivado Hardware Manager reflects the user scan chain setting in the design and refresh the device.  To determine the user scan chain setting in the design, open the implemented design and use 'get_property C_USER_SCAN_CHAIN [get_debug_cores dbg_hub]'.
For more details on setting the scan chain property, consult the Vivado Debug and Programming User Guide (UG908).
reset_run synth_1
launch_runs impl_1 -to_step write_bitstream -jobs 2
[Tue Apr 14 23:48:15 2020] Launched synth_1...
Run output will be captured here: C:/Users/Filip/Desktop/FKSIEZYC/FKsiezyc_VGAPROJECT/FilipKsiezyc_projekt_vga/FilipKsiezyc_projekt_vga.runs/synth_1/runme.log
[Tue Apr 14 23:48:15 2020] Launched impl_1...
Run output will be captured here: C:/Users/Filip/Desktop/FKSIEZYC/FKsiezyc_VGAPROJECT/FilipKsiezyc_projekt_vga/FilipKsiezyc_projekt_vga.runs/impl_1/runme.log
close_hw
close_design
open_hw
connect_hw_server
INFO: [Labtools 27-2285] Connecting to hw_server url TCP:localhost:3121
open_hw_target
INFO: [Labtoolstcl 44-466] Opening hw_target localhost:3121/xilinx_tcf/Digilent/210183711513A
current_hw_device [get_hw_devices xc7a35t_0]
refresh_hw_device -update_hw_probes false [lindex [get_hw_devices xc7a35t_0] 0]
INFO: [Labtools 27-1434] Device xc7a35t (JTAG device index = 0) is programmed with a design that has no supported debug core(s) in it.
WARNING: [Labtools 27-3361] The debug hub core was not detected.
Resolution: 
1. Make sure the clock connected to the debug hub (dbg_hub) core is a free running clock and is active.
2. Make sure the BSCAN_SWITCH_USER_MASK device property in Vivado Hardware Manager reflects the user scan chain setting in the design and refresh the device.  To determine the user scan chain setting in the design, open the implemented design and use 'get_property C_USER_SCAN_CHAIN [get_debug_cores dbg_hub]'.
For more details on setting the scan chain property, consult the Vivado Debug and Programming User Guide (UG908).
set_property PROBES.FILE {} [get_hw_devices xc7a35t_0]
set_property FULL_PROBES.FILE {} [get_hw_devices xc7a35t_0]
set_property PROGRAM.FILE {C:/Users/Filip/Desktop/FKSIEZYC/FKsiezyc_VGAPROJECT/FilipKsiezyc_projekt_vga/FilipKsiezyc_projekt_vga.runs/impl_1/vga_example.bit} [get_hw_devices xc7a35t_0]
program_hw_devices [get_hw_devices xc7a35t_0]
INFO: [Labtools 27-3164] End of startup status: HIGH
refresh_hw_device [lindex [get_hw_devices xc7a35t_0] 0]
INFO: [Labtools 27-1434] Device xc7a35t (JTAG device index = 0) is programmed with a design that has no supported debug core(s) in it.
WARNING: [Labtools 27-3361] The debug hub core was not detected.
Resolution: 
1. Make sure the clock connected to the debug hub (dbg_hub) core is a free running clock and is active.
2. Make sure the BSCAN_SWITCH_USER_MASK device property in Vivado Hardware Manager reflects the user scan chain setting in the design and refresh the device.  To determine the user scan chain setting in the design, open the implemented design and use 'get_property C_USER_SCAN_CHAIN [get_debug_cores dbg_hub]'.
For more details on setting the scan chain property, consult the Vivado Debug and Programming User Guide (UG908).
reset_run synth_1
launch_runs impl_1 -to_step write_bitstream -jobs 2
[Tue Apr 14 23:56:18 2020] Launched synth_1...
Run output will be captured here: C:/Users/Filip/Desktop/FKSIEZYC/FKsiezyc_VGAPROJECT/FilipKsiezyc_projekt_vga/FilipKsiezyc_projekt_vga.runs/synth_1/runme.log
[Tue Apr 14 23:56:18 2020] Launched impl_1...
Run output will be captured here: C:/Users/Filip/Desktop/FKSIEZYC/FKsiezyc_VGAPROJECT/FilipKsiezyc_projekt_vga/FilipKsiezyc_projekt_vga.runs/impl_1/runme.log
set_property PROBES.FILE {} [get_hw_devices xc7a35t_0]
set_property FULL_PROBES.FILE {} [get_hw_devices xc7a35t_0]
set_property PROGRAM.FILE {C:/Users/Filip/Desktop/FKSIEZYC/FKsiezyc_VGAPROJECT/FilipKsiezyc_projekt_vga/FilipKsiezyc_projekt_vga.runs/impl_1/vga_example.bit} [get_hw_devices xc7a35t_0]
program_hw_devices [get_hw_devices xc7a35t_0]
INFO: [Labtools 27-3164] End of startup status: HIGH
refresh_hw_device [lindex [get_hw_devices xc7a35t_0] 0]
INFO: [Labtools 27-1434] Device xc7a35t (JTAG device index = 0) is programmed with a design that has no supported debug core(s) in it.
WARNING: [Labtools 27-3361] The debug hub core was not detected.
Resolution: 
1. Make sure the clock connected to the debug hub (dbg_hub) core is a free running clock and is active.
2. Make sure the BSCAN_SWITCH_USER_MASK device property in Vivado Hardware Manager reflects the user scan chain setting in the design and refresh the device.  To determine the user scan chain setting in the design, open the implemented design and use 'get_property C_USER_SCAN_CHAIN [get_debug_cores dbg_hub]'.
For more details on setting the scan chain property, consult the Vivado Debug and Programming User Guide (UG908).
reset_run synth_1
launch_runs impl_1 -to_step write_bitstream -jobs 2
[Wed Apr 15 00:09:22 2020] Launched synth_1...
Run output will be captured here: C:/Users/Filip/Desktop/FKSIEZYC/FKsiezyc_VGAPROJECT/FilipKsiezyc_projekt_vga/FilipKsiezyc_projekt_vga.runs/synth_1/runme.log
[Wed Apr 15 00:09:22 2020] Launched impl_1...
Run output will be captured here: C:/Users/Filip/Desktop/FKSIEZYC/FKsiezyc_VGAPROJECT/FilipKsiezyc_projekt_vga/FilipKsiezyc_projekt_vga.runs/impl_1/runme.log
set_property PROBES.FILE {} [get_hw_devices xc7a35t_0]
set_property FULL_PROBES.FILE {} [get_hw_devices xc7a35t_0]
set_property PROGRAM.FILE {C:/Users/Filip/Desktop/FKSIEZYC/FKsiezyc_VGAPROJECT/FilipKsiezyc_projekt_vga/FilipKsiezyc_projekt_vga.runs/impl_1/vga_example.bit} [get_hw_devices xc7a35t_0]
program_hw_devices [get_hw_devices xc7a35t_0]
INFO: [Labtools 27-3164] End of startup status: HIGH
refresh_hw_device [lindex [get_hw_devices xc7a35t_0] 0]
INFO: [Labtools 27-1434] Device xc7a35t (JTAG device index = 0) is programmed with a design that has no supported debug core(s) in it.
WARNING: [Labtools 27-3361] The debug hub core was not detected.
Resolution: 
1. Make sure the clock connected to the debug hub (dbg_hub) core is a free running clock and is active.
2. Make sure the BSCAN_SWITCH_USER_MASK device property in Vivado Hardware Manager reflects the user scan chain setting in the design and refresh the device.  To determine the user scan chain setting in the design, open the implemented design and use 'get_property C_USER_SCAN_CHAIN [get_debug_cores dbg_hub]'.
For more details on setting the scan chain property, consult the Vivado Debug and Programming User Guide (UG908).
reset_run synth_1
launch_runs impl_1 -to_step write_bitstream -jobs 2
[Wed Apr 15 00:19:32 2020] Launched synth_1...
Run output will be captured here: C:/Users/Filip/Desktop/FKSIEZYC/FKsiezyc_VGAPROJECT/FilipKsiezyc_projekt_vga/FilipKsiezyc_projekt_vga.runs/synth_1/runme.log
[Wed Apr 15 00:19:32 2020] Launched impl_1...
Run output will be captured here: C:/Users/Filip/Desktop/FKSIEZYC/FKsiezyc_VGAPROJECT/FilipKsiezyc_projekt_vga/FilipKsiezyc_projekt_vga.runs/impl_1/runme.log
set_property PROBES.FILE {} [get_hw_devices xc7a35t_0]
set_property FULL_PROBES.FILE {} [get_hw_devices xc7a35t_0]
set_property PROGRAM.FILE {C:/Users/Filip/Desktop/FKSIEZYC/FKsiezyc_VGAPROJECT/FilipKsiezyc_projekt_vga/FilipKsiezyc_projekt_vga.runs/impl_1/vga_example.bit} [get_hw_devices xc7a35t_0]
program_hw_devices [get_hw_devices xc7a35t_0]
INFO: [Labtools 27-3164] End of startup status: HIGH
refresh_hw_device [lindex [get_hw_devices xc7a35t_0] 0]
INFO: [Labtools 27-1434] Device xc7a35t (JTAG device index = 0) is programmed with a design that has no supported debug core(s) in it.
WARNING: [Labtools 27-3361] The debug hub core was not detected.
Resolution: 
1. Make sure the clock connected to the debug hub (dbg_hub) core is a free running clock and is active.
2. Make sure the BSCAN_SWITCH_USER_MASK device property in Vivado Hardware Manager reflects the user scan chain setting in the design and refresh the device.  To determine the user scan chain setting in the design, open the implemented design and use 'get_property C_USER_SCAN_CHAIN [get_debug_cores dbg_hub]'.
For more details on setting the scan chain property, consult the Vivado Debug and Programming User Guide (UG908).
set_property PROBES.FILE {} [get_hw_devices xc7a35t_0]
set_property FULL_PROBES.FILE {} [get_hw_devices xc7a35t_0]
set_property PROGRAM.FILE {C:/Users/Filip/Desktop/FKSIEZYC/FKsiezyc_VGAPROJECT/FilipKsiezyc_projekt_vga/FilipKsiezyc_projekt_vga.runs/impl_1/vga_example.bit} [get_hw_devices xc7a35t_0]
program_hw_devices [get_hw_devices xc7a35t_0]
INFO: [Labtools 27-3164] End of startup status: HIGH
refresh_hw_device [lindex [get_hw_devices xc7a35t_0] 0]
INFO: [Labtools 27-1434] Device xc7a35t (JTAG device index = 0) is programmed with a design that has no supported debug core(s) in it.
WARNING: [Labtools 27-3361] The debug hub core was not detected.
Resolution: 
1. Make sure the clock connected to the debug hub (dbg_hub) core is a free running clock and is active.
2. Make sure the BSCAN_SWITCH_USER_MASK device property in Vivado Hardware Manager reflects the user scan chain setting in the design and refresh the device.  To determine the user scan chain setting in the design, open the implemented design and use 'get_property C_USER_SCAN_CHAIN [get_debug_cores dbg_hub]'.
For more details on setting the scan chain property, consult the Vivado Debug and Programming User Guide (UG908).
reset_run synth_1
launch_runs impl_1 -to_step write_bitstream -jobs 2
[Wed Apr 15 01:05:03 2020] Launched synth_1...
Run output will be captured here: C:/Users/Filip/Desktop/FKSIEZYC/FKsiezyc_VGAPROJECT/FilipKsiezyc_projekt_vga/FilipKsiezyc_projekt_vga.runs/synth_1/runme.log
[Wed Apr 15 01:05:03 2020] Launched impl_1...
Run output will be captured here: C:/Users/Filip/Desktop/FKSIEZYC/FKsiezyc_VGAPROJECT/FilipKsiezyc_projekt_vga/FilipKsiezyc_projekt_vga.runs/impl_1/runme.log
set_property PROBES.FILE {} [get_hw_devices xc7a35t_0]
set_property FULL_PROBES.FILE {} [get_hw_devices xc7a35t_0]
set_property PROGRAM.FILE {C:/Users/Filip/Desktop/FKSIEZYC/FKsiezyc_VGAPROJECT/FilipKsiezyc_projekt_vga/FilipKsiezyc_projekt_vga.runs/impl_1/vga_example.bit} [get_hw_devices xc7a35t_0]
program_hw_devices [get_hw_devices xc7a35t_0]
INFO: [Labtools 27-3164] End of startup status: HIGH
refresh_hw_device [lindex [get_hw_devices xc7a35t_0] 0]
INFO: [Labtools 27-1434] Device xc7a35t (JTAG device index = 0) is programmed with a design that has no supported debug core(s) in it.
WARNING: [Labtools 27-3361] The debug hub core was not detected.
Resolution: 
1. Make sure the clock connected to the debug hub (dbg_hub) core is a free running clock and is active.
2. Make sure the BSCAN_SWITCH_USER_MASK device property in Vivado Hardware Manager reflects the user scan chain setting in the design and refresh the device.  To determine the user scan chain setting in the design, open the implemented design and use 'get_property C_USER_SCAN_CHAIN [get_debug_cores dbg_hub]'.
For more details on setting the scan chain property, consult the Vivado Debug and Programming User Guide (UG908).
set_property PROBES.FILE {} [get_hw_devices xc7a35t_0]
set_property FULL_PROBES.FILE {} [get_hw_devices xc7a35t_0]
set_property PROGRAM.FILE {C:/Users/Filip/Desktop/FKSIEZYC/FKsiezyc_VGAPROJECT/FilipKsiezyc_projekt_vga/FilipKsiezyc_projekt_vga.runs/impl_1/vga_example.bit} [get_hw_devices xc7a35t_0]
program_hw_devices [get_hw_devices xc7a35t_0]
INFO: [Labtools 27-3164] End of startup status: HIGH
refresh_hw_device [lindex [get_hw_devices xc7a35t_0] 0]
INFO: [Labtools 27-1434] Device xc7a35t (JTAG device index = 0) is programmed with a design that has no supported debug core(s) in it.
WARNING: [Labtools 27-3361] The debug hub core was not detected.
Resolution: 
1. Make sure the clock connected to the debug hub (dbg_hub) core is a free running clock and is active.
2. Make sure the BSCAN_SWITCH_USER_MASK device property in Vivado Hardware Manager reflects the user scan chain setting in the design and refresh the device.  To determine the user scan chain setting in the design, open the implemented design and use 'get_property C_USER_SCAN_CHAIN [get_debug_cores dbg_hub]'.
For more details on setting the scan chain property, consult the Vivado Debug and Programming User Guide (UG908).
reset_run impl_1 -prev_step 
launch_runs impl_1 -to_step write_bitstream -jobs 2
WARNING: [Vivado 12-872] Run step 'Design Initialization' is out-of-date.
[Wed Apr 15 01:59:22 2020] Launched impl_1...
Run output will be captured here: C:/Users/Filip/Desktop/FKSIEZYC/FKsiezyc_VGAPROJECT/FilipKsiezyc_projekt_vga/FilipKsiezyc_projekt_vga.runs/impl_1/runme.log
set_property PROBES.FILE {} [get_hw_devices xc7a35t_0]
set_property FULL_PROBES.FILE {} [get_hw_devices xc7a35t_0]
set_property PROGRAM.FILE {C:/Users/Filip/Desktop/FKSIEZYC/FKsiezyc_VGAPROJECT/FilipKsiezyc_projekt_vga/FilipKsiezyc_projekt_vga.runs/impl_1/vga_example.bit} [get_hw_devices xc7a35t_0]
program_hw_devices [get_hw_devices xc7a35t_0]
INFO: [Labtools 27-3164] End of startup status: HIGH
refresh_hw_device [lindex [get_hw_devices xc7a35t_0] 0]
INFO: [Labtools 27-1434] Device xc7a35t (JTAG device index = 0) is programmed with a design that has no supported debug core(s) in it.
WARNING: [Labtools 27-3361] The debug hub core was not detected.
Resolution: 
1. Make sure the clock connected to the debug hub (dbg_hub) core is a free running clock and is active.
2. Make sure the BSCAN_SWITCH_USER_MASK device property in Vivado Hardware Manager reflects the user scan chain setting in the design and refresh the device.  To determine the user scan chain setting in the design, open the implemented design and use 'get_property C_USER_SCAN_CHAIN [get_debug_cores dbg_hub]'.
For more details on setting the scan chain property, consult the Vivado Debug and Programming User Guide (UG908).
reset_run synth_1
launch_runs impl_1 -to_step write_bitstream -jobs 2
[Wed Apr 15 02:16:15 2020] Launched synth_1...
Run output will be captured here: C:/Users/Filip/Desktop/FKSIEZYC/FKsiezyc_VGAPROJECT/FilipKsiezyc_projekt_vga/FilipKsiezyc_projekt_vga.runs/synth_1/runme.log
[Wed Apr 15 02:16:16 2020] Launched impl_1...
Run output will be captured here: C:/Users/Filip/Desktop/FKSIEZYC/FKsiezyc_VGAPROJECT/FilipKsiezyc_projekt_vga/FilipKsiezyc_projekt_vga.runs/impl_1/runme.log
set_property PROBES.FILE {} [get_hw_devices xc7a35t_0]
set_property FULL_PROBES.FILE {} [get_hw_devices xc7a35t_0]
set_property PROGRAM.FILE {C:/Users/Filip/Desktop/FKSIEZYC/FKsiezyc_VGAPROJECT/FilipKsiezyc_projekt_vga/FilipKsiezyc_projekt_vga.runs/impl_1/vga_example.bit} [get_hw_devices xc7a35t_0]
program_hw_devices [get_hw_devices xc7a35t_0]
INFO: [Labtools 27-3164] End of startup status: HIGH
refresh_hw_device [lindex [get_hw_devices xc7a35t_0] 0]
INFO: [Labtools 27-1434] Device xc7a35t (JTAG device index = 0) is programmed with a design that has no supported debug core(s) in it.
WARNING: [Labtools 27-3361] The debug hub core was not detected.
Resolution: 
1. Make sure the clock connected to the debug hub (dbg_hub) core is a free running clock and is active.
2. Make sure the BSCAN_SWITCH_USER_MASK device property in Vivado Hardware Manager reflects the user scan chain setting in the design and refresh the device.  To determine the user scan chain setting in the design, open the implemented design and use 'get_property C_USER_SCAN_CHAIN [get_debug_cores dbg_hub]'.
For more details on setting the scan chain property, consult the Vivado Debug and Programming User Guide (UG908).
ERROR: [Labtoolstcl 44-513] HW Target shutdown. Closing target: localhost:3121/xilinx_tcf/Digilent/210183711513A
exit
INFO: [Common 17-206] Exiting Vivado at Wed Apr 15 02:41:28 2020...
